#
# A fatal error has been detected by the Java Runtime Environment:
#
#  SIGSEGV (0xb) at pc=0x0000000000000000, pid=38269, tid=44575
#
# JRE version: OpenJDK Runtime Environment (17.0+35) (build 17+35-2724)
# Java VM: OpenJDK 64-Bit Server VM (17+35-2724, mixed mode, emulated-client, sharing, tiered, compressed oops, compressed class ptrs, g1 gc, bsd-amd64)
# Problematic frame:
# C  0x0000000000000000
#
# No core dump will be written. Core dumps have been disabled. To enable core dumping, try "ulimit -c unlimited" before starting Java again
#
# If you would like to submit a bug report, please visit:
#   https://bugreport.java.com/bugreport/crash.jsp
#

---------------  S U M M A R Y ------------

Command Line: -XX:TieredStopAtLevel=1 -Xverify:none -Dspring.profiles.active=localhost -Dspring.output.ansi.enabled=always -javaagent:/Users/janetschel/Library/Application Support/JetBrains/Toolbox/apps/IDEA-U/ch-0/213.5744.223/IntelliJ IDEA.app/Contents/lib/idea_rt.jar=57763:/Users/janetschel/Library/Application Support/JetBrains/Toolbox/apps/IDEA-U/ch-0/213.5744.223/IntelliJ IDEA.app/Contents/bin -Dcom.sun.management.jmxremote -Dspring.jmx.enabled=true -Dspring.liveBeansView.mbeanDomain -Dspring.application.admin.enabled=true -agentpath:/private/var/folders/b3/j20cx8sx7gv06q2qwl5dnz240000gn/T/libasyncProfiler.so=start,jfr,event=cpu,interval=1ms,event=alloc,file=/Users/janetschel/GasthausHaaghofApplication_2022_03_24_181222.jfr -Dfile.encoding=UTF-8 de.gasthaushaaghof.gasthaushaaghof.GasthausHaaghofApplication

Host: "iMac21,2" x86_64 (EMULATED) 2400 MHz, 8 cores, 8G, Darwin 21.1.0, macOS 12.0.1 (21A559)
Time: Thu Mar 24 18:12:24 2022 CET elapsed time: 2.667646 seconds (0d 0h 0m 2s)

---------------  T H R E A D  ---------------

Current thread (0x00007f7a7e17d600):  JavaThread "background-preinit" [_thread_in_vm, id=44575, stack(0x00000003078fd000,0x00000003079fd000)]

Stack: [0x00000003078fd000,0x00000003079fd000],  sp=0x00000003079fb1f8,  free space=1016k
Java frames: (J=compiled Java code, j=interpreted, Vv=VM code)
v  ~RuntimeStub::new_type_array Runtime1 stub
J 1014 c1 java.util.zip.InflaterInputStream.<init>(Ljava/io/InputStream;Ljava/util/zip/Inflater;I)V java.base@17 (79 bytes) @ 0x000000011449c6ef [0x000000011449c1e0+0x000000000000050f]
J 1013 c1 java.util.zip.ZipFile$ZipFileInflaterInputStream.<init>(Ljava/util/zip/ZipFile;Ljava/util/zip/ZipFile$ZipFileInputStream;Ljava/util/zip/ZipFile$CleanableResource;Ljava/util/zip/Inflater;I)V java.base@17 (41 bytes) @ 0x000000011449b9ec [0x000000011449b960+0x000000000000008c]
J 996 c1 java.util.zip.ZipFile.getInputStream(Ljava/util/zip/ZipEntry;)Ljava/io/InputStream; java.base@17 (275 bytes) @ 0x0000000114494ebc [0x0000000114494aa0+0x000000000000041c]
J 1073 c1 java.util.jar.JarFile.getInputStream(Ljava/util/zip/ZipEntry;)Ljava/io/InputStream; java.base@17 (72 bytes) @ 0x00000001144bbd74 [0x00000001144bbba0+0x00000000000001d4]
J 1322 c1 jdk.internal.loader.URLClassPath$JarLoader$2.getInputStream()Ljava/io/InputStream; java.base@17 (15 bytes) @ 0x000000011452ff0c [0x000000011452fec0+0x000000000000004c]
J 1104 c1 jdk.internal.loader.BuiltinClassLoader.defineClass(Ljava/lang/String;Ljdk/internal/loader/Resource;)Ljava/lang/Class; java.base@17 (121 bytes) @ 0x00000001144cd734 [0x00000001144cd5a0+0x0000000000000194]
J 1085 c1 jdk.internal.loader.BuiltinClassLoader.findClassOnClassPathOrNull(Ljava/lang/String;)Ljava/lang/Class; java.base@17 (64 bytes) @ 0x00000001144c2a2c [0x00000001144c2780+0x00000000000002ac]
J 948 c1 jdk.internal.loader.BuiltinClassLoader.loadClassOrNull(Ljava/lang/String;Z)Ljava/lang/Class; java.base@17 (143 bytes) @ 0x000000011446fb54 [0x000000011446f700+0x0000000000000454]
J 1027 c1 jdk.internal.loader.ClassLoaders$AppClassLoader.loadClass(Ljava/lang/String;Z)Ljava/lang/Class; java.base@17 (40 bytes) @ 0x00000001144a35d4 [0x00000001144a3480+0x0000000000000154]
J 1009 c1 java.lang.ClassLoader.loadClass(Ljava/lang/String;)Ljava/lang/Class; java.base@17 (7 bytes) @ 0x000000011449a104 [0x000000011449a0c0+0x0000000000000044]
v  ~StubRoutines::call_stub
j  com.fasterxml.jackson.core.JsonFactory.<init>(Lcom/fasterxml/jackson/core/ObjectCodec;)V+5
j  com.fasterxml.jackson.databind.MappingJsonFactory.<init>(Lcom/fasterxml/jackson/databind/ObjectMapper;)V+2
j  com.fasterxml.jackson.databind.ObjectMapper.<init>(Lcom/fasterxml/jackson/core/JsonFactory;Lcom/fasterxml/jackson/databind/ser/DefaultSerializerProvider;Lcom/fasterxml/jackson/databind/deser/DefaultDeserializationContext;)V+30
j  com.fasterxml.jackson.databind.ObjectMapper.<init>()V+4
j  org.springframework.http.converter.json.Jackson2ObjectMapperBuilder.build()Lcom/fasterxml/jackson/databind/ObjectMapper;+83
j  org.springframework.http.converter.json.MappingJackson2HttpMessageConverter.<init>()V+4
j  org.springframework.http.converter.support.AllEncompassingFormHttpMessageConverter.<init>()V+59
j  org.springframework.boot.autoconfigure.BackgroundPreinitializer$MessageConverterInitializer.run()V+4
j  org.springframework.boot.autoconfigure.BackgroundPreinitializer$1.runSafely(Ljava/lang/Runnable;)V+1
j  org.springframework.boot.autoconfigure.BackgroundPreinitializer$1.run()V+33
j  java.lang.Thread.run()V+11 java.base@17
v  ~StubRoutines::call_stub

siginfo: si_signo: 11 (SIGSEGV), si_code: 1 (SEGV_MAPERR), si_addr: 0x0000000000000000

Register to memory mapping:

RAX=0x000000010af2eac8: _ZN15JfrEventSetting19_jvm_event_settingsE+0 in /Users/janetschel/Library/Java/JavaVirtualMachines/openjdk-17/Contents/Home/lib/server/libjvm.dylib at 0x000000010a293000
RBX=0x000000010aeeca60: _ZN23CompressedKlassPointers13_narrow_klassE+0 in /Users/janetschel/Library/Java/JavaVirtualMachines/openjdk-17/Contents/Home/lib/server/libjvm.dylib at 0x000000010a293000
RCX=0x00007f7a7e17d600 is a thread
RDX=0x0 is NULL
RSP=0x00000003079fb1f8 is pointing into the stack for thread: 0x00007f7a7e17d600
RBP=0x000000010aa9292c: _ZN12MemAllocator10Allocation17notify_allocationEv+0x17c in /Users/janetschel/Library/Java/JavaVirtualMachines/openjdk-17/Contents/Home/lib/server/libjvm.dylib at 0x000000010a293000
RSI=0x0000000000002730 is an unknown value
RDI=0x000000010af1db70: _ZL21_last_allocated_bytes+0 in /Users/janetschel/Library/Java/JavaVirtualMachines/openjdk-17/Contents/Home/lib/server/libjvm.dylib at 0x000000010a293000
R8 =0x0 is NULL
R9 =0x00007f7a7e17d600 is a thread
R10=4026642864 is a compressed pointer to object: java.util.zip.Inflater 
{0x00000007800d8d80} - klass: 'java/util/zip/Inflater'
 - ---- fields (total size 8 words):
 - private 'outputConsumed' 'I' @12  0
 - private 'bytesWritten' 'J' @16  0 (0 0)
 - private 'bytesRead' 'J' @24  0 (0 0)
 - private 'inputLim' 'I' @32  2240 (8c0)
 - private 'inputConsumed' 'I' @36  0
 - private 'inputPos' 'I' @40  2240 (8c0)
 - private 'needDict' 'Z' @44  false
 - private 'finished' 'Z' @45  false
 - private final 'zsRef' 'Ljava/util/zip/Inflater$InflaterZStreamRef;' @48  a 'java/util/zip/Inflater$InflaterZStreamRef'{0x00000007800d8c00} (f001b180)
 - private 'input' 'Ljava/nio/ByteBuffer;' @52  a 'java/nio/HeapByteBuffer'{0x000000078686f040} (f0d0de08)
 - private 'inputArray' '[B' @56  NULL (0)
R11=0x000000078627e8f0 is an oop: java.util.zip.ZipFile$ZipFileInputStream 
{0x000000078627e8f0} - klass: 'java/util/zip/ZipFile$ZipFileInputStream'
 - ---- fields (total size 7 words):
 - private volatile 'closeRequested' 'Z' @12  false
 - private 'pos' 'J' @16  -308705 (fffb4a1f ffffffff)
 - private 'startingPos' 'J' @24  0 (0 0)
 - protected 'rem' 'J' @32  5186 (1442 0)
 - protected 'size' 'J' @40  10011 (271b 0)
 - final synthetic 'this$0' 'Ljava/util/zip/ZipFile;' @48  a 'java/util/jar/JarFile'{0x00000007802734d8} (f004e69b)
R12=0x0 is NULL
R13=0x00000007800d8d80 is an oop: java.util.zip.Inflater 
{0x00000007800d8d80} - klass: 'java/util/zip/Inflater'
 - ---- fields (total size 8 words):
 - private 'outputConsumed' 'I' @12  0
 - private 'bytesWritten' 'J' @16  0 (0 0)
 - private 'bytesRead' 'J' @24  0 (0 0)
 - private 'inputLim' 'I' @32  2240 (8c0)
 - private 'inputConsumed' 'I' @36  0
 - private 'inputPos' 'I' @40  2240 (8c0)
 - private 'needDict' 'Z' @44  false
 - private 'finished' 'Z' @45  false
 - private final 'zsRef' 'Ljava/util/zip/Inflater$InflaterZStreamRef;' @48  a 'java/util/zip/Inflater$InflaterZStreamRef'{0x00000007800d8c00} (f001b180)
 - private 'input' 'Ljava/nio/ByteBuffer;' @52  a 'java/nio/HeapByteBuffer'{0x000000078686f040} (f0d0de08)
 - private 'inputArray' '[B' @56  NULL (0)
R14=0x00000003079fb230 is pointing into the stack for thread: 0x00007f7a7e17d600
R15=0x00007f7a7e17d600 is a thread


Registers:
RAX=0x000000010af2eac8, RBX=0x000000010aeeca60, RCX=0x00007f7a7e17d600, RDX=0x0000000000000000
RSP=0x00000003079fb1f8, RBP=0x000000010aa9292c, RSI=0x0000000000002730, RDI=0x000000010af1db70
R8 =0x0000000000000000, R9 =0x00007f7a7e17d600, R10=0x00000000f001b1b0, R11=0x000000078627e8f0
R12=0x0000000000000000, R13=0x00000007800d8d80, R14=0x00000003079fb230, R15=0x00007f7a7e17d600
RIP=0x0000000000000000, EFLAGS=0x0000000000000202, ERR=0x0000000000000004
  TRAPNO=0x000000000000000e

Top of Stack: (sp=0x00000003079fb1f8)
0x00000003079fb1f8:   00000003079fb288 0000000000000000
0x00000003079fb208:   00000007800d8d80 00007f7a7e17d600
0x00000003079fb218:   00007f7a7e17d600 00000003079fb270
0x00000003079fb228:   000000010aa92def 00000003079fb288
0x00000003079fb238:   00007f7a7e17d600 00000003079fb260
0x00000003079fb248:   00007f7a7ea50000 000000000000404a
0x00000003079fb258:   0000600002cb5600 000000078629ec60
0x00000003079fb268:   000000000000271d 00000003079fb2b0
0x00000003079fb278:   000000010a59cd46 00000003079fb2b0
0x00000003079fb288:   000000010aed82c0 00007f7a7e17d600
0x00000003079fb298:   0000000800006328 00000000000004e6
0x00000003079fb2a8:   00007f010000271d 00000003079fb2d0
0x00000003079fb2b8:   000000010a4ed942 000000000000271d
0x00000003079fb2c8:   00000003079fb950 00000003079fb750
0x00000003079fb2d8:   00000001142b6263 0000000109203000
0x00000003079fb2e8:   000000000000009a 0000000000000077
0x00000003079fb2f8:   0101010101010101 0000000000000077
0x00000003079fb308:   0000000000000000 0000000100000001
0x00000003079fb318:   0000000500000005 0000000500000005
0x00000003079fb328:   0000000000000000 0000000000000000
0x00000003079fb338:   0000000000000000 0000000000000000
0x00000003079fb348:   0000000000000000 0000000000000000
0x00000003079fb358:   0000000000000000 0000000000000000
0x00000003079fb368:   0000000000000010 0000000000000001
0x00000003079fb378:   00007ff860b00000 00000003079fb3c0
0x00000003079fb388:   00007ff81f17aad6 0000000000000000
0x00000003079fb398:   0000000000000010 00000003079fb3d0
0x00000003079fb3a8:   000000010ac3c494 0000000000000000
0x00000003079fb3b8:   00007f7a7e17d600 00000003079fb9b0
0x00000003079fb3c8:   00000007802734d8 00000003079fb400
0x00000003079fb3d8:   000000010abb1530 00007f7a7e17d600
0x00000003079fb3e8:   0000000000000000 00000003079fb950 

Instructions: (pc=0x0000000000000000)
0xffffffffffffff00:   


Stack slot to memory mapping:
stack at sp + 0 slots: 0x00000003079fb288 is pointing into the stack for thread: 0x00007f7a7e17d600
stack at sp + 1 slots: 0x0 is NULL
stack at sp + 2 slots: 0x00000007800d8d80 is an oop: java.util.zip.Inflater 
{0x00000007800d8d80} - klass: 'java/util/zip/Inflater'
 - ---- fields (total size 8 words):
 - private 'outputConsumed' 'I' @12  0
 - private 'bytesWritten' 'J' @16  0 (0 0)
 - private 'bytesRead' 'J' @24  0 (0 0)
 - private 'inputLim' 'I' @32  2240 (8c0)
 - private 'inputConsumed' 'I' @36  0
 - private 'inputPos' 'I' @40  2240 (8c0)
 - private 'needDict' 'Z' @44  false
 - private 'finished' 'Z' @45  false
 - private final 'zsRef' 'Ljava/util/zip/Inflater$InflaterZStreamRef;' @48  a 'java/util/zip/Inflater$InflaterZStreamRef'{0x00000007800d8c00} (f001b180)
 - private 'input' 'Ljava/nio/ByteBuffer;' @52  a 'java/nio/HeapByteBuffer'{0x000000078686f040} (f0d0de08)
 - private 'inputArray' '[B' @56  NULL (0)
stack at sp + 3 slots: 0x00007f7a7e17d600 is a thread
stack at sp + 4 slots: 0x00007f7a7e17d600 is a thread
stack at sp + 5 slots: 0x00000003079fb270 is pointing into the stack for thread: 0x00007f7a7e17d600
stack at sp + 6 slots: 0x000000010aa92def: _ZNK12MemAllocator8allocateEv+0xef in /Users/janetschel/Library/Java/JavaVirtualMachines/openjdk-17/Contents/Home/lib/server/libjvm.dylib at 0x000000010a293000
stack at sp + 7 slots: 0x00000003079fb288 is pointing into the stack for thread: 0x00007f7a7e17d600


---------------  P R O C E S S  ---------------

Threads class SMR info:
_java_thread_list=0x0000600003b64460, length=19, elements={
0x00007f7a4e01ec00, 0x00007f7a80008800, 0x00007f7a81021a00, 0x00007f7a7e047400,
0x00007f7a7e047a00, 0x00007f7a7e04b000, 0x00007f7a7e04b600, 0x00007f7a7e04bc00,
0x00007f7a80819c00, 0x00007f7a8081c800, 0x00007f7a7e048e00, 0x00007f7a7faa7e00,
0x00007f7a7e049400, 0x00007f7a7e04aa00, 0x00007f7a4e04a800, 0x00007f7a7faad600,
0x00007f7a7faba400, 0x00007f7a7e144000, 0x00007f7a7e17d600
}

Java Threads: ( => current thread )
  0x00007f7a4e01ec00 JavaThread "main" [_thread_blocked, id=8195, stack(0x0000000305908000,0x0000000305a08000)]
  0x00007f7a80008800 JavaThread "Reference Handler" daemon [_thread_blocked, id=22027, stack(0x000000030601d000,0x000000030611d000)]
  0x00007f7a81021a00 JavaThread "Finalizer" daemon [_thread_blocked, id=41987, stack(0x0000000306120000,0x0000000306220000)]
  0x00007f7a7e047400 JavaThread "Signal Dispatcher" daemon [_thread_blocked, id=40195, stack(0x00000003063bb000,0x00000003064bb000)]
  0x00007f7a7e047a00 JavaThread "Service Thread" daemon [_thread_blocked, id=39683, stack(0x00000003064be000,0x00000003065be000)]
  0x00007f7a7e04b000 JavaThread "Monitor Deflation Thread" daemon [_thread_blocked, id=39427, stack(0x00000003065c1000,0x00000003066c1000)]
  0x00007f7a7e04b600 JavaThread "C1 CompilerThread0" daemon [_thread_blocked, id=25347, stack(0x00000003066c4000,0x00000003067c4000)]
  0x00007f7a7e04bc00 JavaThread "Sweeper thread" daemon [_thread_blocked, id=25603, stack(0x00000003067c7000,0x00000003068c7000)]
  0x00007f7a80819c00 JavaThread "Common-Cleaner" daemon [_thread_blocked, id=38463, stack(0x00000003068ca000,0x00000003069ca000)]
  0x00007f7a8081c800 JavaThread "Monitor Ctrl-Break" daemon [_thread_in_native, id=37659, stack(0x00000003069cd000,0x0000000306acd000)]
  0x00007f7a7e048e00 JavaThread "Async-profiler Timer" daemon [_thread_in_native, id=37135, stack(0x0000000306ad0000,0x0000000306b50000)]
  0x00007f7a7faa7e00 JavaThread "Notification Thread" daemon [_thread_blocked, id=36111, stack(0x0000000306bd6000,0x0000000306cd6000)]
  0x00007f7a7e049400 JavaThread "Attach Listener" daemon [_thread_blocked, id=29447, stack(0x0000000306cd9000,0x0000000306dd9000)]
  0x00007f7a7e04aa00 JavaThread "RMI TCP Accept-0" daemon [_thread_in_native, id=30031, stack(0x0000000306ddc000,0x0000000306edc000)]
  0x00007f7a4e04a800 JavaThread "RMI TCP Connection(1)-127.0.0.1" daemon [_thread_in_native, id=30635, stack(0x0000000306fe2000,0x00000003070e2000)]
  0x00007f7a7faad600 JavaThread "Thread-0" [_thread_blocked, id=43863, stack(0x00000003075f4000,0x00000003076f4000)]
  0x00007f7a7faba400 JavaThread "restartedMain" [_thread_blocked, id=86703, stack(0x00000003076f7000,0x00000003077f7000)]
  0x00007f7a7e144000 JavaThread "RMI Scheduler(0)" daemon [_thread_blocked, id=86275, stack(0x00000003077fa000,0x00000003078fa000)]
=>0x00007f7a7e17d600 JavaThread "background-preinit" [_thread_in_vm, id=44575, stack(0x00000003078fd000,0x00000003079fd000)]

Other Threads:
  0x00007f7a4df08dc0 VMThread "VM Thread" [stack: 0x0000000305f1a000,0x000000030601a000] [id=43267]
  0x00007f7a7e8716b0 WatcherThread [stack: 0x0000000306edf000,0x0000000306fdf000] [id=35351]
  0x00007f7a7e906550 GCTaskThread "GC Thread#0" [stack: 0x0000000305a0b000,0x0000000305b0b000] [id=18179]
  0x00007f7a7e946870 GCTaskThread "GC Thread#1" [stack: 0x00000003070e5000,0x00000003071e5000] [id=31267]
  0x00007f7a7e87af80 GCTaskThread "GC Thread#2" [stack: 0x00000003071e8000,0x00000003072e8000] [id=32003]
  0x00007f7a7e9478d0 GCTaskThread "GC Thread#3" [stack: 0x00000003072eb000,0x00000003073eb000] [id=32795]
  0x00007f7a7e948130 GCTaskThread "GC Thread#4" [stack: 0x00000003073ee000,0x00000003074ee000] [id=33283]
  0x00007f7a7e87c020 GCTaskThread "GC Thread#5" [stack: 0x00000003074f1000,0x00000003075f1000] [id=34563]
  0x00007f7a7e906bf0 ConcurrentGCThread "G1 Main Marker" [stack: 0x0000000305b0e000,0x0000000305c0e000] [id=13315]
  0x00007f7a4df05190 ConcurrentGCThread "G1 Conc#0" [stack: 0x0000000305c11000,0x0000000305d11000] [id=13827]
  0x00007f7a7e9075b0 ConcurrentGCThread "G1 Refine#0" [stack: 0x0000000305d14000,0x0000000305e14000] [id=14339]
  0x00007f7a7ea04c50 ConcurrentGCThread "G1 Service" [stack: 0x0000000305e17000,0x0000000305f17000] [id=16643]

Threads with active compile tasks:

VM state: not at safepoint (normal execution)

VM Mutex/Monitor currently owned by a thread: None

Heap address: 0x0000000780000000, size: 2048 MB, Compressed Oops mode: Zero based, Oop shift amount: 3

CDS archive(s) mapped at: [0x0000000800000000-0x0000000800bd0000-0x0000000800bd0000), size 12386304, SharedBaseAddress: 0x0000000800000000, ArchiveRelocationMode: 0.
Compressed class space mapped at: 0x0000000800c00000-0x0000000840c00000, reserved size: 1073741824
Narrow klass base: 0x0000000800000000, Narrow klass shift: 0, Narrow klass range: 0x100000000

GC Precious Log:
 CPUs: 8 total, 8 available
 Memory: 8192M
 Large Page Support: Disabled
 NUMA Support: Disabled
 Compressed Oops: Enabled (Zero based)
 Heap Region Size: 1M
 Heap Min Capacity: 8M
 Heap Initial Capacity: 128M
 Heap Max Capacity: 2G
 Pre-touch: Disabled
 Parallel Workers: 8
 Concurrent Workers: 2
 Concurrent Refinement Workers: 8
 Periodic GC: Disabled

Heap:
 garbage-first heap   total 133120K, used 33245K [0x0000000780000000, 0x0000000800000000)
  region size 1024K, 30 young (30720K), 3 survivors (3072K)
 Metaspace       used 12898K, committed 13184K, reserved 1064960K
  class space    used 1726K, committed 1856K, reserved 1048576K

Heap Regions: E=young(eden), S=young(survivor), O=old, HS=humongous(starts), HC=humongous(continues), CS=collection set, F=free, OA=open archive, CA=closed archive, TAMS=top-at-mark-start (previous, next)
|   0|0x0000000780000000, 0x0000000780100000, 0x0000000780100000|100%| O|  |TAMS 0x0000000780000000, 0x0000000780000000| Untracked 
|   1|0x0000000780100000, 0x0000000780200000, 0x0000000780200000|100%| O|  |TAMS 0x0000000780100000, 0x0000000780100000| Untracked 
|   2|0x0000000780200000, 0x0000000780283600, 0x0000000780300000| 51%| O|  |TAMS 0x0000000780200000, 0x0000000780200000| Untracked 
|   3|0x0000000780300000, 0x0000000780300000, 0x0000000780400000|  0%| F|  |TAMS 0x0000000780300000, 0x0000000780300000| Untracked 
|   4|0x0000000780400000, 0x0000000780400000, 0x0000000780500000|  0%| F|  |TAMS 0x0000000780400000, 0x0000000780400000| Untracked 
|   5|0x0000000780500000, 0x0000000780500000, 0x0000000780600000|  0%| F|  |TAMS 0x0000000780500000, 0x0000000780500000| Untracked 
|   6|0x0000000780600000, 0x0000000780600000, 0x0000000780700000|  0%| F|  |TAMS 0x0000000780600000, 0x0000000780600000| Untracked 
|   7|0x0000000780700000, 0x0000000780700000, 0x0000000780800000|  0%| F|  |TAMS 0x0000000780700000, 0x0000000780700000| Untracked 
|   8|0x0000000780800000, 0x0000000780800000, 0x0000000780900000|  0%| F|  |TAMS 0x0000000780800000, 0x0000000780800000| Untracked 
|   9|0x0000000780900000, 0x0000000780900000, 0x0000000780a00000|  0%| F|  |TAMS 0x0000000780900000, 0x0000000780900000| Untracked 
|  10|0x0000000780a00000, 0x0000000780a00000, 0x0000000780b00000|  0%| F|  |TAMS 0x0000000780a00000, 0x0000000780a00000| Untracked 
|  11|0x0000000780b00000, 0x0000000780b00000, 0x0000000780c00000|  0%| F|  |TAMS 0x0000000780b00000, 0x0000000780b00000| Untracked 
|  12|0x0000000780c00000, 0x0000000780c00000, 0x0000000780d00000|  0%| F|  |TAMS 0x0000000780c00000, 0x0000000780c00000| Untracked 
|  13|0x0000000780d00000, 0x0000000780d00000, 0x0000000780e00000|  0%| F|  |TAMS 0x0000000780d00000, 0x0000000780d00000| Untracked 
|  14|0x0000000780e00000, 0x0000000780e00000, 0x0000000780f00000|  0%| F|  |TAMS 0x0000000780e00000, 0x0000000780e00000| Untracked 
|  15|0x0000000780f00000, 0x0000000780f00000, 0x0000000781000000|  0%| F|  |TAMS 0x0000000780f00000, 0x0000000780f00000| Untracked 
|  16|0x0000000781000000, 0x0000000781000000, 0x0000000781100000|  0%| F|  |TAMS 0x0000000781000000, 0x0000000781000000| Untracked 
|  17|0x0000000781100000, 0x0000000781100000, 0x0000000781200000|  0%| F|  |TAMS 0x0000000781100000, 0x0000000781100000| Untracked 
|  18|0x0000000781200000, 0x0000000781200000, 0x0000000781300000|  0%| F|  |TAMS 0x0000000781200000, 0x0000000781200000| Untracked 
|  19|0x0000000781300000, 0x0000000781300000, 0x0000000781400000|  0%| F|  |TAMS 0x0000000781300000, 0x0000000781300000| Untracked 
|  20|0x0000000781400000, 0x0000000781400000, 0x0000000781500000|  0%| F|  |TAMS 0x0000000781400000, 0x0000000781400000| Untracked 
|  21|0x0000000781500000, 0x0000000781500000, 0x0000000781600000|  0%| F|  |TAMS 0x0000000781500000, 0x0000000781500000| Untracked 
|  22|0x0000000781600000, 0x0000000781600000, 0x0000000781700000|  0%| F|  |TAMS 0x0000000781600000, 0x0000000781600000| Untracked 
|  23|0x0000000781700000, 0x0000000781700000, 0x0000000781800000|  0%| F|  |TAMS 0x0000000781700000, 0x0000000781700000| Untracked 
|  24|0x0000000781800000, 0x0000000781800000, 0x0000000781900000|  0%| F|  |TAMS 0x0000000781800000, 0x0000000781800000| Untracked 
|  25|0x0000000781900000, 0x0000000781900000, 0x0000000781a00000|  0%| F|  |TAMS 0x0000000781900000, 0x0000000781900000| Untracked 
|  26|0x0000000781a00000, 0x0000000781a00000, 0x0000000781b00000|  0%| F|  |TAMS 0x0000000781a00000, 0x0000000781a00000| Untracked 
|  27|0x0000000781b00000, 0x0000000781b00000, 0x0000000781c00000|  0%| F|  |TAMS 0x0000000781b00000, 0x0000000781b00000| Untracked 
|  28|0x0000000781c00000, 0x0000000781c00000, 0x0000000781d00000|  0%| F|  |TAMS 0x0000000781c00000, 0x0000000781c00000| Untracked 
|  29|0x0000000781d00000, 0x0000000781d00000, 0x0000000781e00000|  0%| F|  |TAMS 0x0000000781d00000, 0x0000000781d00000| Untracked 
|  30|0x0000000781e00000, 0x0000000781e00000, 0x0000000781f00000|  0%| F|  |TAMS 0x0000000781e00000, 0x0000000781e00000| Untracked 
|  31|0x0000000781f00000, 0x0000000781f00000, 0x0000000782000000|  0%| F|  |TAMS 0x0000000781f00000, 0x0000000781f00000| Untracked 
|  32|0x0000000782000000, 0x0000000782000000, 0x0000000782100000|  0%| F|  |TAMS 0x0000000782000000, 0x0000000782000000| Untracked 
|  33|0x0000000782100000, 0x0000000782100000, 0x0000000782200000|  0%| F|  |TAMS 0x0000000782100000, 0x0000000782100000| Untracked 
|  34|0x0000000782200000, 0x0000000782200000, 0x0000000782300000|  0%| F|  |TAMS 0x0000000782200000, 0x0000000782200000| Untracked 
|  35|0x0000000782300000, 0x0000000782300000, 0x0000000782400000|  0%| F|  |TAMS 0x0000000782300000, 0x0000000782300000| Untracked 
|  36|0x0000000782400000, 0x0000000782400000, 0x0000000782500000|  0%| F|  |TAMS 0x0000000782400000, 0x0000000782400000| Untracked 
|  37|0x0000000782500000, 0x0000000782500000, 0x0000000782600000|  0%| F|  |TAMS 0x0000000782500000, 0x0000000782500000| Untracked 
|  38|0x0000000782600000, 0x0000000782600000, 0x0000000782700000|  0%| F|  |TAMS 0x0000000782600000, 0x0000000782600000| Untracked 
|  39|0x0000000782700000, 0x0000000782700000, 0x0000000782800000|  0%| F|  |TAMS 0x0000000782700000, 0x0000000782700000| Untracked 
|  40|0x0000000782800000, 0x0000000782800000, 0x0000000782900000|  0%| F|  |TAMS 0x0000000782800000, 0x0000000782800000| Untracked 
|  41|0x0000000782900000, 0x0000000782900000, 0x0000000782a00000|  0%| F|  |TAMS 0x0000000782900000, 0x0000000782900000| Untracked 
|  42|0x0000000782a00000, 0x0000000782a00000, 0x0000000782b00000|  0%| F|  |TAMS 0x0000000782a00000, 0x0000000782a00000| Untracked 
|  43|0x0000000782b00000, 0x0000000782b00000, 0x0000000782c00000|  0%| F|  |TAMS 0x0000000782b00000, 0x0000000782b00000| Untracked 
|  44|0x0000000782c00000, 0x0000000782c00000, 0x0000000782d00000|  0%| F|  |TAMS 0x0000000782c00000, 0x0000000782c00000| Untracked 
|  45|0x0000000782d00000, 0x0000000782d00000, 0x0000000782e00000|  0%| F|  |TAMS 0x0000000782d00000, 0x0000000782d00000| Untracked 
|  46|0x0000000782e00000, 0x0000000782e00000, 0x0000000782f00000|  0%| F|  |TAMS 0x0000000782e00000, 0x0000000782e00000| Untracked 
|  47|0x0000000782f00000, 0x0000000782f00000, 0x0000000783000000|  0%| F|  |TAMS 0x0000000782f00000, 0x0000000782f00000| Untracked 
|  48|0x0000000783000000, 0x0000000783000000, 0x0000000783100000|  0%| F|  |TAMS 0x0000000783000000, 0x0000000783000000| Untracked 
|  49|0x0000000783100000, 0x0000000783100000, 0x0000000783200000|  0%| F|  |TAMS 0x0000000783100000, 0x0000000783100000| Untracked 
|  50|0x0000000783200000, 0x0000000783200000, 0x0000000783300000|  0%| F|  |TAMS 0x0000000783200000, 0x0000000783200000| Untracked 
|  51|0x0000000783300000, 0x0000000783300000, 0x0000000783400000|  0%| F|  |TAMS 0x0000000783300000, 0x0000000783300000| Untracked 
|  52|0x0000000783400000, 0x0000000783400000, 0x0000000783500000|  0%| F|  |TAMS 0x0000000783400000, 0x0000000783400000| Untracked 
|  53|0x0000000783500000, 0x0000000783500000, 0x0000000783600000|  0%| F|  |TAMS 0x0000000783500000, 0x0000000783500000| Untracked 
|  54|0x0000000783600000, 0x0000000783600000, 0x0000000783700000|  0%| F|  |TAMS 0x0000000783600000, 0x0000000783600000| Untracked 
|  55|0x0000000783700000, 0x0000000783700000, 0x0000000783800000|  0%| F|  |TAMS 0x0000000783700000, 0x0000000783700000| Untracked 
|  56|0x0000000783800000, 0x0000000783800000, 0x0000000783900000|  0%| F|  |TAMS 0x0000000783800000, 0x0000000783800000| Untracked 
|  57|0x0000000783900000, 0x0000000783900000, 0x0000000783a00000|  0%| F|  |TAMS 0x0000000783900000, 0x0000000783900000| Untracked 
|  58|0x0000000783a00000, 0x0000000783a00000, 0x0000000783b00000|  0%| F|  |TAMS 0x0000000783a00000, 0x0000000783a00000| Untracked 
|  59|0x0000000783b00000, 0x0000000783b00000, 0x0000000783c00000|  0%| F|  |TAMS 0x0000000783b00000, 0x0000000783b00000| Untracked 
|  60|0x0000000783c00000, 0x0000000783c00000, 0x0000000783d00000|  0%| F|  |TAMS 0x0000000783c00000, 0x0000000783c00000| Untracked 
|  61|0x0000000783d00000, 0x0000000783d00000, 0x0000000783e00000|  0%| F|  |TAMS 0x0000000783d00000, 0x0000000783d00000| Untracked 
|  62|0x0000000783e00000, 0x0000000783e00000, 0x0000000783f00000|  0%| F|  |TAMS 0x0000000783e00000, 0x0000000783e00000| Untracked 
|  63|0x0000000783f00000, 0x0000000783f00000, 0x0000000784000000|  0%| F|  |TAMS 0x0000000783f00000, 0x0000000783f00000| Untracked 
|  64|0x0000000784000000, 0x0000000784000000, 0x0000000784100000|  0%| F|  |TAMS 0x0000000784000000, 0x0000000784000000| Untracked 
|  65|0x0000000784100000, 0x0000000784100000, 0x0000000784200000|  0%| F|  |TAMS 0x0000000784100000, 0x0000000784100000| Untracked 
|  66|0x0000000784200000, 0x0000000784200000, 0x0000000784300000|  0%| F|  |TAMS 0x0000000784200000, 0x0000000784200000| Untracked 
|  67|0x0000000784300000, 0x0000000784300000, 0x0000000784400000|  0%| F|  |TAMS 0x0000000784300000, 0x0000000784300000| Untracked 
|  68|0x0000000784400000, 0x0000000784400000, 0x0000000784500000|  0%| F|  |TAMS 0x0000000784400000, 0x0000000784400000| Untracked 
|  69|0x0000000784500000, 0x0000000784500000, 0x0000000784600000|  0%| F|  |TAMS 0x0000000784500000, 0x0000000784500000| Untracked 
|  70|0x0000000784600000, 0x0000000784600000, 0x0000000784700000|  0%| F|  |TAMS 0x0000000784600000, 0x0000000784600000| Untracked 
|  71|0x0000000784700000, 0x0000000784700000, 0x0000000784800000|  0%| F|  |TAMS 0x0000000784700000, 0x0000000784700000| Untracked 
|  72|0x0000000784800000, 0x0000000784800000, 0x0000000784900000|  0%| F|  |TAMS 0x0000000784800000, 0x0000000784800000| Untracked 
|  73|0x0000000784900000, 0x0000000784900000, 0x0000000784a00000|  0%| F|  |TAMS 0x0000000784900000, 0x0000000784900000| Untracked 
|  74|0x0000000784a00000, 0x0000000784a00000, 0x0000000784b00000|  0%| F|  |TAMS 0x0000000784a00000, 0x0000000784a00000| Untracked 
|  75|0x0000000784b00000, 0x0000000784b00000, 0x0000000784c00000|  0%| F|  |TAMS 0x0000000784b00000, 0x0000000784b00000| Untracked 
|  76|0x0000000784c00000, 0x0000000784c00000, 0x0000000784d00000|  0%| F|  |TAMS 0x0000000784c00000, 0x0000000784c00000| Untracked 
|  77|0x0000000784d00000, 0x0000000784d00000, 0x0000000784e00000|  0%| F|  |TAMS 0x0000000784d00000, 0x0000000784d00000| Untracked 
|  78|0x0000000784e00000, 0x0000000784e00000, 0x0000000784f00000|  0%| F|  |TAMS 0x0000000784e00000, 0x0000000784e00000| Untracked 
|  79|0x0000000784f00000, 0x0000000784f00000, 0x0000000785000000|  0%| F|  |TAMS 0x0000000784f00000, 0x0000000784f00000| Untracked 
|  80|0x0000000785000000, 0x0000000785000000, 0x0000000785100000|  0%| F|  |TAMS 0x0000000785000000, 0x0000000785000000| Untracked 
|  81|0x0000000785100000, 0x0000000785100000, 0x0000000785200000|  0%| F|  |TAMS 0x0000000785100000, 0x0000000785100000| Untracked 
|  82|0x0000000785200000, 0x0000000785200000, 0x0000000785300000|  0%| F|  |TAMS 0x0000000785200000, 0x0000000785200000| Untracked 
|  83|0x0000000785300000, 0x0000000785300000, 0x0000000785400000|  0%| F|  |TAMS 0x0000000785300000, 0x0000000785300000| Untracked 
|  84|0x0000000785400000, 0x0000000785400000, 0x0000000785500000|  0%| F|  |TAMS 0x0000000785400000, 0x0000000785400000| Untracked 
|  85|0x0000000785500000, 0x0000000785500000, 0x0000000785600000|  0%| F|  |TAMS 0x0000000785500000, 0x0000000785500000| Untracked 
|  86|0x0000000785600000, 0x0000000785600000, 0x0000000785700000|  0%| F|  |TAMS 0x0000000785600000, 0x0000000785600000| Untracked 
|  87|0x0000000785700000, 0x0000000785700000, 0x0000000785800000|  0%| F|  |TAMS 0x0000000785700000, 0x0000000785700000| Untracked 
|  88|0x0000000785800000, 0x0000000785800000, 0x0000000785900000|  0%| F|  |TAMS 0x0000000785800000, 0x0000000785800000| Untracked 
|  89|0x0000000785900000, 0x0000000785900000, 0x0000000785a00000|  0%| F|  |TAMS 0x0000000785900000, 0x0000000785900000| Untracked 
|  90|0x0000000785a00000, 0x0000000785a00000, 0x0000000785b00000|  0%| F|  |TAMS 0x0000000785a00000, 0x0000000785a00000| Untracked 
|  91|0x0000000785b00000, 0x0000000785b00000, 0x0000000785c00000|  0%| F|  |TAMS 0x0000000785b00000, 0x0000000785b00000| Untracked 
|  92|0x0000000785c00000, 0x0000000785c00000, 0x0000000785d00000|  0%| F|  |TAMS 0x0000000785c00000, 0x0000000785c00000| Untracked 
|  93|0x0000000785d00000, 0x0000000785d00000, 0x0000000785e00000|  0%| F|  |TAMS 0x0000000785d00000, 0x0000000785d00000| Untracked 
|  94|0x0000000785e00000, 0x0000000785e00000, 0x0000000785f00000|  0%| F|  |TAMS 0x0000000785e00000, 0x0000000785e00000| Untracked 
|  95|0x0000000785f00000, 0x0000000785f00000, 0x0000000786000000|  0%| F|  |TAMS 0x0000000785f00000, 0x0000000785f00000| Untracked 
|  96|0x0000000786000000, 0x0000000786000000, 0x0000000786100000|  0%| F|  |TAMS 0x0000000786000000, 0x0000000786000000| Untracked 
|  97|0x0000000786100000, 0x0000000786100000, 0x0000000786200000|  0%| F|  |TAMS 0x0000000786100000, 0x0000000786100000| Untracked 
|  98|0x0000000786200000, 0x00000007862beeb0, 0x0000000786300000| 74%| E|  |TAMS 0x0000000786200000, 0x0000000786200000| Complete 
|  99|0x0000000786300000, 0x0000000786400000, 0x0000000786400000|100%| E|CS|TAMS 0x0000000786300000, 0x0000000786300000| Complete 
| 100|0x0000000786400000, 0x0000000786500000, 0x0000000786500000|100%| E|CS|TAMS 0x0000000786400000, 0x0000000786400000| Complete 
| 101|0x0000000786500000, 0x0000000786600000, 0x0000000786600000|100%| E|CS|TAMS 0x0000000786500000, 0x0000000786500000| Complete 
| 102|0x0000000786600000, 0x0000000786700000, 0x0000000786700000|100%| S|CS|TAMS 0x0000000786600000, 0x0000000786600000| Complete 
| 103|0x0000000786700000, 0x0000000786800000, 0x0000000786800000|100%| S|CS|TAMS 0x0000000786700000, 0x0000000786700000| Complete 
| 104|0x0000000786800000, 0x0000000786900000, 0x0000000786900000|100%| S|CS|TAMS 0x0000000786800000, 0x0000000786800000| Complete 
| 105|0x0000000786900000, 0x0000000786a00000, 0x0000000786a00000|100%| E|CS|TAMS 0x0000000786900000, 0x0000000786900000| Complete 
| 106|0x0000000786a00000, 0x0000000786b00000, 0x0000000786b00000|100%| E|CS|TAMS 0x0000000786a00000, 0x0000000786a00000| Complete 
| 107|0x0000000786b00000, 0x0000000786c00000, 0x0000000786c00000|100%| E|CS|TAMS 0x0000000786b00000, 0x0000000786b00000| Complete 
| 108|0x0000000786c00000, 0x0000000786d00000, 0x0000000786d00000|100%| E|CS|TAMS 0x0000000786c00000, 0x0000000786c00000| Complete 
| 109|0x0000000786d00000, 0x0000000786e00000, 0x0000000786e00000|100%| E|CS|TAMS 0x0000000786d00000, 0x0000000786d00000| Complete 
| 110|0x0000000786e00000, 0x0000000786f00000, 0x0000000786f00000|100%| E|CS|TAMS 0x0000000786e00000, 0x0000000786e00000| Complete 
| 111|0x0000000786f00000, 0x0000000787000000, 0x0000000787000000|100%| E|CS|TAMS 0x0000000786f00000, 0x0000000786f00000| Complete 
| 112|0x0000000787000000, 0x0000000787100000, 0x0000000787100000|100%| E|CS|TAMS 0x0000000787000000, 0x0000000787000000| Complete 
| 113|0x0000000787100000, 0x0000000787200000, 0x0000000787200000|100%| E|CS|TAMS 0x0000000787100000, 0x0000000787100000| Complete 
| 114|0x0000000787200000, 0x0000000787300000, 0x0000000787300000|100%| E|CS|TAMS 0x0000000787200000, 0x0000000787200000| Complete 
| 115|0x0000000787300000, 0x0000000787400000, 0x0000000787400000|100%| E|CS|TAMS 0x0000000787300000, 0x0000000787300000| Complete 
| 116|0x0000000787400000, 0x0000000787500000, 0x0000000787500000|100%| E|CS|TAMS 0x0000000787400000, 0x0000000787400000| Complete 
| 117|0x0000000787500000, 0x0000000787600000, 0x0000000787600000|100%| E|CS|TAMS 0x0000000787500000, 0x0000000787500000| Complete 
| 118|0x0000000787600000, 0x0000000787700000, 0x0000000787700000|100%| E|CS|TAMS 0x0000000787600000, 0x0000000787600000| Complete 
| 119|0x0000000787700000, 0x0000000787800000, 0x0000000787800000|100%| E|CS|TAMS 0x0000000787700000, 0x0000000787700000| Complete 
| 120|0x0000000787800000, 0x0000000787900000, 0x0000000787900000|100%| E|CS|TAMS 0x0000000787800000, 0x0000000787800000| Complete 
| 121|0x0000000787900000, 0x0000000787a00000, 0x0000000787a00000|100%| E|CS|TAMS 0x0000000787900000, 0x0000000787900000| Complete 
| 122|0x0000000787a00000, 0x0000000787b00000, 0x0000000787b00000|100%| E|CS|TAMS 0x0000000787a00000, 0x0000000787a00000| Complete 
| 123|0x0000000787b00000, 0x0000000787c00000, 0x0000000787c00000|100%| E|CS|TAMS 0x0000000787b00000, 0x0000000787b00000| Complete 
| 124|0x0000000787c00000, 0x0000000787d00000, 0x0000000787d00000|100%| E|CS|TAMS 0x0000000787c00000, 0x0000000787c00000| Complete 
| 125|0x0000000787d00000, 0x0000000787e00000, 0x0000000787e00000|100%| E|CS|TAMS 0x0000000787d00000, 0x0000000787d00000| Complete 
| 126|0x0000000787e00000, 0x0000000787f00000, 0x0000000787f00000|100%| E|CS|TAMS 0x0000000787e00000, 0x0000000787e00000| Complete 
| 127|0x0000000787f00000, 0x0000000788000000, 0x0000000788000000|100%| E|CS|TAMS 0x0000000787f00000, 0x0000000787f00000| Complete 
|2046|0x00000007ffe00000, 0x00000007ffe75000, 0x00000007fff00000| 45%|OA|  |TAMS 0x00000007ffe00000, 0x00000007ffe00000| Untracked 
|2047|0x00000007fff00000, 0x00000007fff7f000, 0x0000000800000000| 49%|CA|  |TAMS 0x00000007fff00000, 0x00000007fff00000| Untracked 

Card table byte_map: [0x00000001175c6000,0x00000001179c6000] _byte_map_base: 0x00000001139c6000

Marking Bits (Prev, Next): (CMBitMap*) 0x00007f7a7e026e10, (CMBitMap*) 0x00007f7a7e026e50
 Prev Bits: [0x0000000117dc6000, 0x0000000119dc6000)
 Next Bits: [0x0000000119dc6000, 0x000000011bdc6000)

Polling page: 0x0000000100bdd000

Metaspace:

Usage:
  Non-class:     10.91 MB used.
      Class:      1.69 MB used.
       Both:     12.60 MB used.

Virtual space:
  Non-class space:       16.00 MB reserved,      11.06 MB ( 69%) committed,  2 nodes.
      Class space:        1.00 GB reserved,       1.81 MB ( <1%) committed,  1 nodes.
             Both:        1.02 GB reserved,      12.88 MB (  1%) committed. 

Chunk freelists:
   Non-Class:  944.00 KB
       Class:  2.17 MB
        Both:  3.09 MB

MaxMetaspaceSize: unlimited
CompressedClassSpaceSize: 1.00 GB
Initial GC threshold: 21.00 MB
Current GC threshold: 21.00 MB
CDS: on
MetaspaceReclaimPolicy: balanced
 - commit_granule_bytes: 65536.
 - commit_granule_words: 8192.
 - virtual_space_node_default_size: 1048576.
 - enlarge_chunks_in_place: 1.
 - new_chunks_are_fully_committed: 0.
 - uncommit_free_chunks: 1.
 - use_allocation_guard: 0.
 - handle_deallocations: 1.


Internal statistics:

num_allocs_failed_limit: 0.
num_arena_births: 248.
num_arena_deaths: 0.
num_vsnodes_births: 3.
num_vsnodes_deaths: 0.
num_space_committed: 206.
num_space_uncommitted: 0.
num_chunks_returned_to_freelist: 0.
num_chunks_taken_from_freelist: 599.
num_chunk_merges: 0.
num_chunk_splits: 383.
num_chunks_enlarged: 263.
num_purges: 0.
num_inconsistent_stats: 0.

CodeCache: size=49152Kb used=4530Kb max_used=4530Kb free=44621Kb
 bounds [0x00000001141c6000, 0x0000000114636000, 0x00000001171c6000]
 total_blobs=2339 nmethods=1878 adapters=390
 compilation: enabled
              stopped_count=0, restarted_count=0
 full_count=0

Compilation events (20 events):
Event: 2.649 Thread 0x00007f7a7e04b600 1869       1       sun.util.locale.InternalLocaleBuilder::setExtensions (206 bytes)
Event: 2.650 Thread 0x00007f7a7e04b600 nmethod 1869 0x000000011462cb10 code [0x000000011462ce20, 0x000000011462d9d0]
Event: 2.650 Thread 0x00007f7a7e04b600 1870       1       sun.util.locale.LocaleUtils::caseIgnoreMatch (73 bytes)
Event: 2.652 Thread 0x00007f7a7e04b600 nmethod 1870 0x000000011462eb10 code [0x000000011462ed00, 0x000000011462f210]
Event: 2.652 Thread 0x00007f7a7e04b600 1871       1       sun.util.locale.BaseLocale$Key::equals (109 bytes)
Event: 2.653 Thread 0x00007f7a7e04b600 nmethod 1871 0x000000011462fc10 code [0x000000011462fe00, 0x00000001146302b0]
Event: 2.653 Thread 0x00007f7a7e04b600 1872       1       jdk.internal.org.objectweb.asm.SymbolTable::putBootstrapMethods (56 bytes)
Event: 2.653 Thread 0x00007f7a7e04b600 nmethod 1872 0x0000000114630a90 code [0x0000000114630c60, 0x0000000114630e40]
Event: 2.655 Thread 0x00007f7a7e04b600 1873       1       jdk.internal.reflect.DelegatingConstructorAccessorImpl::newInstance (9 bytes)
Event: 2.655 Thread 0x00007f7a7e04b600 nmethod 1873 0x0000000114631110 code [0x00000001146312c0, 0x00000001146313a0]
Event: 2.656 Thread 0x00007f7a7e04b600 1874       1       java.util.Calendar::internalSet (8 bytes)
Event: 2.656 Thread 0x00007f7a7e04b600 nmethod 1874 0x0000000114631490 code [0x0000000114631620, 0x0000000114631710]
Event: 2.662 Thread 0x00007f7a7e04b600 1875       1       java.util.zip.ZipUtils::get16 (21 bytes)
Event: 2.662 Thread 0x00007f7a7e04b600 nmethod 1875 0x0000000114631b10 code [0x0000000114631ca0, 0x0000000114631d90]
Event: 2.665 Thread 0x00007f7a7e04b600 1876       1       java.lang.Character::isJavaIdentifierPart (9 bytes)
Event: 2.665 Thread 0x00007f7a7e04b600 nmethod 1876 0x0000000114631e90 code [0x0000000114632040, 0x0000000114632130]
Event: 2.665 Thread 0x00007f7a7e04b600 1877       1       java.lang.CharacterDataLatin1::isJavaIdentifierPart (20 bytes)
Event: 2.665 Thread 0x00007f7a7e04b600 nmethod 1877 0x0000000114632210 code [0x00000001146323a0, 0x00000001146324b0]
Event: 2.665 Thread 0x00007f7a7e04b600 1878       1       java.lang.Character::isJavaIdentifierPart (5 bytes)
Event: 2.665 Thread 0x00007f7a7e04b600 nmethod 1878 0x0000000114632590 code [0x0000000114632740, 0x0000000114632830]

GC Heap History (2 events):
Event: 2.183 GC heap before
{Heap before GC invocations=0 (full 0):
 garbage-first heap   total 133120K, used 23504K [0x0000000780000000, 0x0000000800000000)
  region size 1024K, 23 young (23552K), 0 survivors (0K)
 Metaspace       used 6867K, committed 7040K, reserved 1056768K
  class space    used 825K, committed 896K, reserved 1048576K
}
Event: 2.200 GC heap after
{Heap after GC invocations=1 (full 0):
 garbage-first heap   total 133120K, used 6621K [0x0000000780000000, 0x0000000800000000)
  region size 1024K, 3 young (3072K), 3 survivors (3072K)
 Metaspace       used 6867K, committed 7040K, reserved 1056768K
  class space    used 825K, committed 896K, reserved 1048576K
}

Deoptimization events (4 events):
Event: 0.776 Thread 0x00007f7a4e01ec00 DEOPT PACKING pc=0x0000000114318c0d sp=0x0000000305a06970
Event: 0.776 Thread 0x00007f7a4e01ec00 DEOPT UNPACKING pc=0x0000000114218810 sp=0x0000000305a05ef0 mode 3
Event: 2.107 Thread 0x00007f7a4e01ec00 DEOPT PACKING pc=0x00000001143a6c01 sp=0x0000000305a06070
Event: 2.107 Thread 0x00007f7a4e01ec00 DEOPT UNPACKING pc=0x0000000114218810 sp=0x0000000305a054e8 mode 3

Classes unloaded (0 events):
No events

Classes redefined (0 events):
No events

Internal exceptions (20 events):
Event: 2.395 Thread 0x00007f7a7faba400 Exception <a 'java/lang/NoSuchMethodError'{0x00000007875dd6f8}: 'java.lang.Object java.lang.invoke.DirectMethodHandle$Holder.invokeSpecial(java.lang.Object, java.lang.Object, java.lang.Object, java.lang.Object, java.lang.Object, java.lang.Object, int)'> (0x00000007875dd6f8) 
thrown [open/src/hotspot/share/interpreter/linkResolver.cpp, line 766]
Event: 2.396 Thread 0x00007f7a7faba400 Exception <a 'java/lang/NoSuchMethodError'{0x00000007875e7c90}: 'java.lang.Object java.lang.invoke.DirectMethodHandle$Holder.newInvokeSpecial(java.lang.Object, java.lang.Object, java.lang.Object, java.lang.Object, java.lang.Object, java.lang.Object, int)'> (0x00000007875e7c90) 
thrown [open/src/hotspot/share/interpreter/linkResolver.cpp, line 766]
Event: 2.396 Thread 0x00007f7a7faba400 Exception <a 'java/lang/NoSuchMethodError'{0x00000007875eccd0}: 'java.lang.Object java.lang.invoke.DirectMethodHandle$Holder.invokeSpecial(java.lang.Object, java.lang.Object, java.lang.Object, java.lang.Object, java.lang.Object, java.lang.Object, java.lang.Object, int)'> (0x00000007875eccd0) 
thrown [open/src/hotspot/share/interpreter/linkResolver.cpp, line 766]
Event: 2.426 Thread 0x00007f7a7faba400 Exception <a 'java/lang/NoSuchMethodError'{0x000000078735c098}: 'void java.lang.invoke.DirectMethodHandle$Holder.invokeSpecial(java.lang.Object, java.lang.Object, java.lang.Object, java.lang.Object, java.lang.Object)'> (0x000000078735c098) 
thrown [open/src/hotspot/share/interpreter/linkResolver.cpp, line 766]
Event: 2.457 Thread 0x00007f7a7faba400 Exception <a 'java/lang/NoSuchMethodError'{0x0000000787155fd8}: 'void java.lang.invoke.DirectMethodHandle$Holder.invokeSpecial(java.lang.Object, java.lang.Object, java.lang.Object, java.lang.Object, java.lang.Object, java.lang.Object)'> (0x0000000787155fd8) 
thrown [open/src/hotspot/share/interpreter/linkResolver.cpp, line 766]
Event: 2.471 Thread 0x00007f7a7faba400 Exception <a 'java/lang/NoSuchMethodError'{0x00000007871d9ac8}: 'java.lang.Object java.lang.invoke.DirectMethodHandle$Holder.invokeSpecial(java.lang.Object, java.lang.Object, java.lang.Object, int, java.lang.Object)'> (0x00000007871d9ac8) 
thrown [open/src/hotspot/share/interpreter/linkResolver.cpp, line 766]
Event: 2.471 Thread 0x00007f7a7faba400 Exception <a 'java/lang/NoSuchMethodError'{0x00000007871e2038}: 'java.lang.Object java.lang.invoke.DirectMethodHandle$Holder.newInvokeSpecial(java.lang.Object, java.lang.Object, java.lang.Object, int, java.lang.Object)'> (0x00000007871e2038) 
thrown [open/src/hotspot/share/interpreter/linkResolver.cpp, line 766]
Event: 2.471 Thread 0x00007f7a7faba400 Exception <a 'java/lang/NoSuchMethodError'{0x00000007871e9a08}: 'java.lang.Object java.lang.invoke.Invokers$Holder.linkToTargetMethod(java.lang.Object, java.lang.Object, int, java.lang.Object, java.lang.Object)'> (0x00000007871e9a08) 
thrown [open/src/hotspot/share/interpreter/linkResolver.cpp, line 766]
Event: 2.473 Thread 0x00007f7a7faba400 Exception <a 'java/lang/NoSuchMethodError'{0x00000007871f90e8}: 'java.lang.Object java.lang.invoke.DirectMethodHandle$Holder.newInvokeSpecial(java.lang.Object, int, java.lang.Object)'> (0x00000007871f90e8) 
thrown [open/src/hotspot/share/interpreter/linkResolver.cpp, line 766]
Event: 2.473 Thread 0x00007f7a7faba400 Exception <a 'java/lang/NoSuchMethodError'{0x00000007871fd0b8}: 'int java.lang.invoke.DirectMethodHandle$Holder.invokeSpecialIFC(java.lang.Object, java.lang.Object, java.lang.Object, java.lang.Object)'> (0x00000007871fd0b8) 
thrown [open/src/hotspot/share/interpreter/linkResolver.cpp, line 766]
Event: 2.497 Thread 0x00007f7a7faba400 Exception <a 'java/lang/NoSuchMethodError'{0x00000007870a1c38}: 'java.lang.Object java.lang.invoke.DirectMethodHandle$Holder.invokeInterface(java.lang.Object, java.lang.Object)'> (0x00000007870a1c38) 
thrown [open/src/hotspot/share/interpreter/linkResolver.cpp, line 766]
Event: 2.498 Thread 0x00007f7a7faba400 Exception <a 'java/lang/NoSuchMethodError'{0x00000007870b59e0}: 'java.lang.Object java.lang.invoke.DirectMethodHandle$Holder.invokeVirtual(java.lang.Object, java.lang.Object, java.lang.Object)'> (0x00000007870b59e0) 
thrown [open/src/hotspot/share/interpreter/linkResolver.cpp, line 766]
Event: 2.509 Thread 0x00007f7a7faba400 Exception <a 'java/lang/NoSuchMethodError'{0x0000000786f5ee30}: 'void java.lang.invoke.DirectMethodHandle$Holder.invokeInterface(java.lang.Object, java.lang.Object, java.lang.Object)'> (0x0000000786f5ee30) 
thrown [open/src/hotspot/share/interpreter/linkResolver.cpp, line 766]
Event: 2.542 Thread 0x00007f7a7faba400 Exception <a 'java/lang/NoSuchMethodError'{0x0000000786e39338}: 'void java.lang.invoke.DirectMethodHandle$Holder.invokeStatic(java.lang.Object, java.lang.Object, int)'> (0x0000000786e39338) 
thrown [open/src/hotspot/share/interpreter/linkResolver.cpp, line 766]
Event: 2.543 Thread 0x00007f7a7faba400 Exception <a 'java/lang/NoSuchMethodError'{0x0000000786e410b8}: 'void java.lang.invoke.DirectMethodHandle$Holder.invokeStaticInit(java.lang.Object, java.lang.Object)'> (0x0000000786e410b8) 
thrown [open/src/hotspot/share/interpreter/linkResolver.cpp, line 766]
Event: 2.545 Thread 0x00007f7a7faba400 Exception <a 'java/lang/NoSuchMethodError'{0x0000000786e597b8}: 'void java.lang.invoke.DirectMethodHandle$Holder.invokeStaticInit(java.lang.Object, java.lang.Object, java.lang.Object)'> (0x0000000786e597b8) 
thrown [open/src/hotspot/share/interpreter/linkResolver.cpp, line 766]
Event: 2.556 Thread 0x00007f7a7faba400 Exception <a 'java/lang/NoSuchMethodError'{0x0000000786eac978}: 'void java.lang.invoke.DirectMethodHandle$Holder.invokeVirtual(java.lang.Object, java.lang.Object, java.lang.Object, java.lang.Object)'> (0x0000000786eac978) 
thrown [open/src/hotspot/share/interpreter/linkResolver.cpp, line 766]
Event: 2.576 Thread 0x00007f7a7faba400 Exception <a 'java/lang/NoSuchMethodError'{0x0000000786dca2c8}: 'void java.lang.invoke.DirectMethodHandle$Holder.invokeSpecial(java.lang.Object, java.lang.Object, java.lang.Object)'> (0x0000000786dca2c8) 
thrown [open/src/hotspot/share/interpreter/linkResolver.cpp, line 766]
Event: 2.588 Thread 0x00007f7a7e17d600 Exception <a 'java/lang/NoClassDefFoundError'{0x0000000786c17748}: javax/validation/Validation> (0x0000000786c17748) 
thrown [open/src/hotspot/share/classfile/systemDictionary.cpp, line 245]
Event: 2.609 Thread 0x00007f7a7e17d600 Exception <a 'java/lang/NoSuchMethodError'{0x0000000786a99668}: 'java.lang.Object java.lang.invoke.DirectMethodHandle$Holder.invokeStaticInit(java.lang.Object, java.lang.Object, java.lang.Object, java.lang.Object, java.lang.Object)'> (0x0000000786a99668) 
thrown [open/src/hotspot/share/interpreter/linkResolver.cpp, line 766]

VM Operations (20 events):
Event: 0.825 Executing VM operation: HandshakeAllThreads
Event: 0.825 Executing VM operation: HandshakeAllThreads done
Event: 1.653 Executing VM operation: Cleanup
Event: 1.657 Executing VM operation: Cleanup done
Event: 1.878 Executing VM operation: HandshakeAllThreads
Event: 1.878 Executing VM operation: HandshakeAllThreads done
Event: 1.909 Executing VM operation: HandshakeAllThreads
Event: 1.909 Executing VM operation: HandshakeAllThreads done
Event: 2.060 Executing VM operation: HandshakeAllThreads
Event: 2.060 Executing VM operation: HandshakeAllThreads done
Event: 2.181 Executing VM operation: G1CollectForAllocation
Event: 2.201 Executing VM operation: G1CollectForAllocation done
Event: 2.246 Executing VM operation: HandshakeAllThreads
Event: 2.246 Executing VM operation: HandshakeAllThreads done
Event: 2.593 Executing VM operation: HandshakeAllThreads
Event: 2.593 Executing VM operation: HandshakeAllThreads done
Event: 2.593 Executing VM operation: HandshakeAllThreads
Event: 2.593 Executing VM operation: HandshakeAllThreads done
Event: 2.650 Executing VM operation: ICBufferFull
Event: 2.652 Executing VM operation: ICBufferFull done

Events (20 events):
Event: 2.633 loading class com/sun/org/apache/xalan/internal/utils/XMLSecurityManager
Event: 2.633 loading class com/sun/org/apache/xalan/internal/utils/XMLSecurityManager done
Event: 2.633 loading class com/sun/org/apache/xalan/internal/utils/XMLSecurityManager$Limit
Event: 2.634 loading class com/sun/org/apache/xalan/internal/utils/XMLSecurityManager$Limit done
Event: 2.634 loading class com/sun/org/apache/xalan/internal/utils/XMLSecurityManager$NameMap
Event: 2.634 loading class com/sun/org/apache/xalan/internal/utils/XMLSecurityManager$NameMap done
Event: 2.634 loading class jdk/xml/internal/JdkProperty
Event: 2.634 loading class jdk/xml/internal/JdkProperty done
Event: 2.642 loading class java/beans/Transient
Event: 2.642 loading class java/beans/Transient done
Event: 2.642 loading class java/beans/ConstructorProperties
Event: 2.643 loading class java/beans/ConstructorProperties done
Event: 2.657 loading class sun/text/resources/cldr/FormatData_en
Event: 2.657 loading class sun/text/resources/cldr/FormatData_en done
Event: 2.657 loading class sun/text/resources/cldr/FormatData_en_US
Event: 2.657 loading class sun/text/resources/cldr/FormatData_en_US done
Event: 2.659 loading class jdk/internal/reflect/UnsafeQualifiedStaticIntegerFieldAccessorImpl
Event: 2.659 loading class jdk/internal/reflect/UnsafeQualifiedStaticIntegerFieldAccessorImpl done
Event: 2.663 loading class org/xml/sax/ErrorHandler
Event: 2.663 loading class org/xml/sax/ErrorHandler done


Dynamic libraries:
0x000000010920f000 	/Users/janetschel/Library/Java/JavaVirtualMachines/openjdk-17/Contents/Home/lib/libjli.dylib
0x00007ff82a47a000 	/usr/lib/libz.1.dylib
0x00007ff82a560000 	/usr/lib/libSystem.B.dylib
0x00007ff82a55b000 	/usr/lib/system/libcache.dylib
0x00007ff82a517000 	/usr/lib/system/libcommonCrypto.dylib
0x00007ff82a540000 	/usr/lib/system/libcompiler_rt.dylib
0x00007ff82a536000 	/usr/lib/system/libcopyfile.dylib
0x00007ff81f0ca000 	/usr/lib/system/libcorecrypto.dylib
0x00007ff81f189000 	/usr/lib/system/libdispatch.dylib
0x00007ff81f34b000 	/usr/lib/system/libdyld.dylib
0x00007ff82a552000 	/usr/lib/system/libkeymgr.dylib
0x00007ff82a4f5000 	/usr/lib/system/libmacho.dylib
0x00007ff829b86000 	/usr/lib/system/libquarantine.dylib
0x00007ff82a550000 	/usr/lib/system/libremovefile.dylib
0x00007ff8241c9000 	/usr/lib/system/libsystem_asl.dylib
0x00007ff81f078000 	/usr/lib/system/libsystem_blocks.dylib
0x00007ff81f210000 	/usr/lib/system/libsystem_c.dylib
0x00007ff82a548000 	/usr/lib/system/libsystem_collections.dylib
0x00007ff828dbc000 	/usr/lib/system/libsystem_configuration.dylib
0x00007ff82807c000 	/usr/lib/system/libsystem_containermanager.dylib
0x00007ff82a22e000 	/usr/lib/system/libsystem_coreservices.dylib
0x00007ff821897000 	/usr/lib/system/libsystem_darwin.dylib
0x00007ff82a553000 	/usr/lib/system/libsystem_dnssd.dylib
0x00007ff81f20d000 	/usr/lib/system/libsystem_featureflags.dylib
0x00007ff81f361000 	/usr/lib/system/libsystem_info.dylib
0x00007ff82a48d000 	/usr/lib/system/libsystem_m.dylib
0x00007ff81f15d000 	/usr/lib/system/libsystem_malloc.dylib
0x00007ff824166000 	/usr/lib/system/libsystem_networkextension.dylib
0x00007ff821cbf000 	/usr/lib/system/libsystem_notify.dylib
0x00007ff83074d000 	/usr/lib/system/libsystem_product_info_filter.dylib
0x00007ff828dc0000 	/usr/lib/system/libsystem_sandbox.dylib
0x00007ff82a54d000 	/usr/lib/system/libsystem_secinit.dylib
0x00007ff81f308000 	/usr/lib/system/libsystem_kernel.dylib
0x00007ff81f357000 	/usr/lib/system/libsystem_platform.dylib
0x00007ff81f33f000 	/usr/lib/system/libsystem_pthread.dylib
0x00007ff825a8d000 	/usr/lib/system/libsystem_symptoms.dylib
0x00007ff81f0b1000 	/usr/lib/system/libsystem_trace.dylib
0x00007ff82a523000 	/usr/lib/system/libunwind.dylib
0x00007ff81f07a000 	/usr/lib/system/libxpc.dylib
0x00007ff81f2f2000 	/usr/lib/libc++abi.dylib
0x00007ff81f1d0000 	/usr/lib/libobjc.A.dylib
0x00007ff82a52e000 	/usr/lib/liboah.dylib
0x00007ff81f299000 	/usr/lib/libc++.1.dylib
0x00007ff83647c000 	/System/Library/Frameworks/Cocoa.framework/Versions/A/Cocoa
0x00007ff821d1d000 	/System/Library/Frameworks/AppKit.framework/Versions/C/AppKit
0x00007ff82526d000 	/System/Library/Frameworks/CoreData.framework/Versions/A/CoreData
0x00007ff820138000 	/System/Library/Frameworks/Foundation.framework/Versions/C/Foundation
0x00007ff822baa000 	/System/Library/PrivateFrameworks/UIFoundation.framework/Versions/A/UIFoundation
0x00007ff830454000 	/System/Library/PrivateFrameworks/RemoteViewServices.framework/Versions/A/RemoteViewServices
0x00007ff828753000 	/System/Library/PrivateFrameworks/XCTTargetBootstrap.framework/Versions/A/XCTTargetBootstrap
0x00007ff82c42b000 	/System/Library/PrivateFrameworks/InternationalSupport.framework/Versions/A/InternationalSupport
0x00007ff82c4b5000 	/System/Library/PrivateFrameworks/UserActivity.framework/Versions/A/UserActivity
0x00007ff82b812000 	/usr/lib/libspindump.dylib
0x00007ff822e38000 	/System/Library/Frameworks/UniformTypeIdentifiers.framework/Versions/A/UniformTypeIdentifiers
0x00007ff826e92000 	/usr/lib/libapp_launch_measurement.dylib
0x00007ff825c47000 	/System/Library/PrivateFrameworks/CoreAnalytics.framework/Versions/A/CoreAnalytics
0x00007ff826e95000 	/System/Library/PrivateFrameworks/CoreAutoLayout.framework/Versions/A/CoreAutoLayout
0x00007ff8280b4000 	/System/Library/Frameworks/Metal.framework/Versions/A/Metal
0x00007ff828dcb000 	/usr/lib/liblangid.dylib
0x00007ff828757000 	/System/Library/PrivateFrameworks/CoreSVG.framework/Versions/A/CoreSVG
0x00007ff8241fa000 	/System/Library/PrivateFrameworks/SkyLight.framework/Versions/A/SkyLight
0x00007ff82458b000 	/System/Library/Frameworks/CoreGraphics.framework/Versions/A/CoreGraphics
0x00007ff830abf000 	/System/Library/Frameworks/Accelerate.framework/Versions/A/Accelerate
0x00007ff82b28d000 	/System/Library/PrivateFrameworks/IconServices.framework/Versions/A/IconServices
0x00007ff828099000 	/System/Library/Frameworks/IOSurface.framework/Versions/A/IOSurface
0x00007ff825c75000 	/usr/lib/libDiagnosticMessagesClient.dylib
0x00007ff83411e000 	/System/Library/Frameworks/ApplicationServices.framework/Versions/A/ApplicationServices
0x00007ff82873f000 	/System/Library/PrivateFrameworks/DFRFoundation.framework/Versions/A/DFRFoundation
0x00007ff82160e000 	/usr/lib/libicucore.A.dylib
0x00007ff82d14d000 	/System/Library/Frameworks/AudioToolbox.framework/Versions/A/AudioToolbox
0x00007ff82c437000 	/System/Library/PrivateFrameworks/DataDetectorsCore.framework/Versions/A/DataDetectorsCore
0x00007ff927bcc000 	/System/Library/PrivateFrameworks/TextInput.framework/Versions/A/TextInput
0x00007ff82417d000 	/usr/lib/libMobileGestalt.dylib
0x00007ff828447000 	/System/Library/Frameworks/Carbon.framework/Versions/A/Frameworks/HIToolbox.framework/Versions/A/HIToolbox
0x00007ff8268c0000 	/System/Library/Frameworks/QuartzCore.framework/Versions/A/QuartzCore
0x00007ff8212af000 	/System/Library/Frameworks/Security.framework/Versions/A/Security
0x00007ff83048c000 	/System/Library/Frameworks/Carbon.framework/Versions/A/Frameworks/SpeechRecognition.framework/Versions/A/SpeechRecognition
0x00007ff826bf2000 	/System/Library/PrivateFrameworks/CoreUI.framework/Versions/A/CoreUI
0x00007ff820b89000 	/System/Library/Frameworks/CoreAudio.framework/Versions/A/CoreAudio
0x00007ff825d63000 	/System/Library/Frameworks/DiskArbitration.framework/Versions/A/DiskArbitration
0x00007ff82bbf5000 	/System/Library/PrivateFrameworks/MultitouchSupport.framework/Versions/A/MultitouchSupport
0x00007ff82417c000 	/usr/lib/libenergytrace.dylib
0x00007ff821c09000 	/System/Library/Frameworks/IOKit.framework/Versions/A/IOKit
0x00007ff830876000 	/System/Library/Frameworks/CoreServices.framework/Versions/A/CoreServices
0x00007ff826e2c000 	/System/Library/PrivateFrameworks/PerformanceAnalysis.framework/Versions/A/PerformanceAnalysis
0x00007ffa3763b000 	/System/Library/Frameworks/OpenGL.framework/Versions/A/OpenGL
0x00007ff829ab2000 	/System/Library/PrivateFrameworks/MobileKeyBag.framework/Versions/A/MobileKeyBag
0x00007ff824cba000 	/System/Library/Frameworks/ColorSync.framework/Versions/A/ColorSync
0x00007ff81f38c000 	/System/Library/Frameworks/CoreFoundation.framework/Versions/A/CoreFoundation
0x00007ff8289d2000 	/System/Library/Frameworks/CoreImage.framework/Versions/A/CoreImage
0x00007ff82099f000 	/System/Library/Frameworks/CoreText.framework/Versions/A/CoreText
0x00007ff828786000 	/System/Library/Frameworks/ImageIO.framework/Versions/A/ImageIO
0x00007ff82a566000 	/System/Library/PrivateFrameworks/SoftLinking.framework/Versions/A/SoftLinking
0x00007ff826edd000 	/usr/lib/libxml2.2.dylib
0x00007ff82a7e6000 	/usr/lib/libcompression.dylib
0x00007ff82c361000 	/System/Library/PrivateFrameworks/TextureIO.framework/Versions/A/TextureIO
0x00007ff82af06000 	/usr/lib/libate.dylib
0x00007ff82acbf000 	/usr/lib/liblzma.5.dylib
0x00007ff81fe49000 	/System/Library/Frameworks/SystemConfiguration.framework/Versions/A/SystemConfiguration
0x00007ff82a562000 	/usr/lib/libfakelink.dylib
0x00007ff823cd0000 	/System/Library/Frameworks/CFNetwork.framework/Versions/A/CFNetwork
0x00007ff82a6a1000 	/usr/lib/libarchive.2.dylib
0x00007ff828dc7000 	/System/Library/PrivateFrameworks/AppleSystemInfo.framework/Versions/A/AppleSystemInfo
0x00007ff829bac000 	/usr/lib/libbsm.0.dylib
0x00007ff823307000 	/usr/lib/libnetwork.dylib
0x00007ff82a4fb000 	/usr/lib/system/libkxld.dylib
0x00007ff8297db000 	/System/Library/PrivateFrameworks/IOMobileFramebuffer.framework/Versions/A/IOMobileFramebuffer
0x00007ffb34fdd000 	/usr/lib/libCoreEntitlements.dylib
0x00007ff82a210000 	/System/Library/PrivateFrameworks/AppleFSCompression.framework/Versions/A/AppleFSCompression
0x00007ff829b95000 	/usr/lib/libcoretls.dylib
0x00007ff82acd9000 	/usr/lib/libcoretls_cfhelpers.dylib
0x00007ff82a7e1000 	/usr/lib/libpam.2.dylib
0x00007ff8256b3000 	/usr/lib/libsqlite3.dylib
0x00007ff82ad48000 	/usr/lib/libxar.1.dylib
0x00007ff82a220000 	/usr/lib/libbz2.1.0.dylib
0x00007ff82a567000 	/usr/lib/libpcap.A.dylib
0x00007ff825a84000 	/usr/lib/libdns_services.dylib
0x00007ff82a7b3000 	/usr/lib/libapple_nghttp2.dylib
0x00007ff82a59e000 	/usr/lib/libiconv.2.dylib
0x00007ff82a4f4000 	/usr/lib/libcharset.1.dylib
0x00007ff826e60000 	/System/Library/Frameworks/CoreServices.framework/Versions/A/Frameworks/FSEvents.framework/Versions/A/FSEvents
0x00007ff8218a1000 	/System/Library/Frameworks/CoreServices.framework/Versions/A/Frameworks/CarbonCore.framework/Versions/A/CarbonCore
0x00007ff825cc8000 	/System/Library/Frameworks/CoreServices.framework/Versions/A/Frameworks/Metadata.framework/Versions/A/Metadata
0x00007ff82a233000 	/System/Library/Frameworks/CoreServices.framework/Versions/A/Frameworks/OSServices.framework/Versions/A/OSServices
0x00007ff82a727000 	/System/Library/Frameworks/CoreServices.framework/Versions/A/Frameworks/SearchKit.framework/Versions/A/SearchKit
0x00007ff825a16000 	/System/Library/Frameworks/CoreServices.framework/Versions/A/Frameworks/AE.framework/Versions/A/AE
0x00007ff81f88d000 	/System/Library/Frameworks/CoreServices.framework/Versions/A/Frameworks/LaunchServices.framework/Versions/A/LaunchServices
0x00007ff82ac70000 	/System/Library/Frameworks/CoreServices.framework/Versions/A/Frameworks/DictionaryServices.framework/Versions/A/DictionaryServices
0x00007ff826e6d000 	/System/Library/Frameworks/CoreServices.framework/Versions/A/Frameworks/SharedFileList.framework/Versions/A/SharedFileList
0x00007ff829b89000 	/usr/lib/libCheckFix.dylib
0x00007ff8241e0000 	/System/Library/PrivateFrameworks/TCC.framework/Versions/A/TCC
0x00007ff828dcd000 	/System/Library/PrivateFrameworks/CoreNLP.framework/Versions/A/CoreNLP
0x00007ff825c78000 	/System/Library/PrivateFrameworks/MetadataUtilities.framework/Versions/A/MetadataUtilities
0x00007ff81fef9000 	/usr/lib/libmecabra.dylib
0x00007ff829bbc000 	/usr/lib/libmecab.dylib
0x00007ff81fec4000 	/usr/lib/libCRFSuite.dylib
0x00007ff829c19000 	/usr/lib/libgermantok.dylib
0x00007ff82a78e000 	/usr/lib/libThaiTokenizer.dylib
0x00007ff825d6a000 	/System/Library/Frameworks/Accelerate.framework/Versions/A/Frameworks/vImage.framework/Versions/A/vImage
0x00007ff83084d000 	/System/Library/Frameworks/Accelerate.framework/Versions/A/Frameworks/vecLib.framework/Versions/A/vecLib
0x00007ff82ad89000 	/System/Library/Frameworks/Accelerate.framework/Versions/A/Frameworks/vecLib.framework/Versions/A/libvMisc.dylib
0x00007ff8295cf000 	/System/Library/Frameworks/Accelerate.framework/Versions/A/Frameworks/vecLib.framework/Versions/A/libvDSP.dylib
0x00007ff81fc05000 	/System/Library/Frameworks/Accelerate.framework/Versions/A/Frameworks/vecLib.framework/Versions/A/libBLAS.dylib
0x00007ff82a8c3000 	/System/Library/Frameworks/Accelerate.framework/Versions/A/Frameworks/vecLib.framework/Versions/A/libLAPACK.dylib
0x00007ff829c1c000 	/System/Library/Frameworks/Accelerate.framework/Versions/A/Frameworks/vecLib.framework/Versions/A/libLinearAlgebra.dylib
0x00007ff82a7cc000 	/System/Library/Frameworks/Accelerate.framework/Versions/A/Frameworks/vecLib.framework/Versions/A/libSparseBLAS.dylib
0x00007ff82a8bd000 	/System/Library/Frameworks/Accelerate.framework/Versions/A/Frameworks/vecLib.framework/Versions/A/libQuadrature.dylib
0x00007ff828eb7000 	/System/Library/Frameworks/Accelerate.framework/Versions/A/Frameworks/vecLib.framework/Versions/A/libBNNS.dylib
0x00007ff81fdda000 	/System/Library/Frameworks/Accelerate.framework/Versions/A/Frameworks/vecLib.framework/Versions/A/libSparse.dylib
0x00007ff828eb0000 	/System/Library/PrivateFrameworks/LinguisticData.framework/Versions/A/LinguisticData
0x00007ff81fd8f000 	/System/Library/PrivateFrameworks/Lexicon.framework/Versions/A/Lexicon
0x00007ff82ad82000 	/usr/lib/libChineseTokenizer.dylib
0x00007ff8204f3000 	/System/Library/PrivateFrameworks/LanguageModeling.framework/Versions/A/LanguageModeling
0x00007ff82a790000 	/System/Library/PrivateFrameworks/AppleSauce.framework/Versions/A/AppleSauce
0x00007ff8297c9000 	/System/Library/PrivateFrameworks/CoreEmoji.framework/Versions/A/CoreEmoji
0x00007ff82a690000 	/usr/lib/libcmph.dylib
0x00007ff826e44000 	/System/Library/Frameworks/OpenDirectory.framework/Versions/A/Frameworks/CFOpenDirectory.framework/Versions/A/CFOpenDirectory
0x00007ff826e38000 	/System/Library/Frameworks/OpenDirectory.framework/Versions/A/OpenDirectory
0x00007ff82acdb000 	/System/Library/PrivateFrameworks/APFS.framework/Versions/A/APFS
0x00007ff829aea000 	/System/Library/Frameworks/SecurityFoundation.framework/Versions/A/SecurityFoundation
0x00007ff82ad56000 	/usr/lib/libutil.dylib
0x00007ff821bcc000 	/System/Library/PrivateFrameworks/CoreServicesStore.framework/Versions/A/CoreServicesStore
0x00007ff82ad5a000 	/usr/lib/libxslt.1.dylib
0x00007ff829b77000 	/System/Library/PrivateFrameworks/BackgroundTaskManagement.framework/Versions/A/BackgroundTaskManagement
0x00007ff82c283000 	/System/Library/Frameworks/ImageIO.framework/Versions/A/Resources/libRadiance.dylib
0x00007ff82c28c000 	/System/Library/Frameworks/ImageIO.framework/Versions/A/Resources/libJPEG.dylib
0x00007ff82c1dd000 	/System/Library/Frameworks/ImageIO.framework/Versions/A/Resources/libPng.dylib
0x00007ff82c1fe000 	/System/Library/Frameworks/ImageIO.framework/Versions/A/Resources/libTIFF.dylib
0x00007ff82c2ea000 	/System/Library/Frameworks/ImageIO.framework/Versions/A/Resources/libGIF.dylib
0x00007ff82bb12000 	/System/Library/Frameworks/ImageIO.framework/Versions/A/Resources/libJP2.dylib
0x00007ff82b254000 	/usr/lib/libexpat.1.dylib
0x00007ff82bac7000 	/System/Library/PrivateFrameworks/AppleJPEG.framework/Versions/A/AppleJPEG
0x00007ff82830e000 	/System/Library/PrivateFrameworks/FontServices.framework/libFontParser.dylib
0x00007ff8259c0000 	/System/Library/PrivateFrameworks/RunningBoardServices.framework/Versions/A/RunningBoardServices
0x00007ff8369ed000 	/System/Library/PrivateFrameworks/IOSurfaceAccelerator.framework/Versions/A/IOSurfaceAccelerator
0x00007ff82bbf1000 	/System/Library/PrivateFrameworks/WatchdogClient.framework/Versions/A/WatchdogClient
0x00007ff8205e2000 	/System/Library/Frameworks/CoreDisplay.framework/Versions/A/CoreDisplay
0x00007ff82820e000 	/System/Library/Frameworks/CoreMedia.framework/Versions/A/CoreMedia
0x00007ff8280ab000 	/System/Library/PrivateFrameworks/IOAccelerator.framework/Versions/A/IOAccelerator
0x00007ff826fc0000 	/System/Library/Frameworks/CoreVideo.framework/Versions/A/CoreVideo
0x00007ff82a7df000 	/System/Library/Frameworks/MetalPerformanceShaders.framework/Versions/A/MetalPerformanceShaders
0x00007ff82bc2c000 	/System/Library/Frameworks/VideoToolbox.framework/Versions/A/VideoToolbox
0x00007ff825908000 	/System/Library/PrivateFrameworks/BaseBoard.framework/Versions/A/BaseBoard
0x00007ff825699000 	/System/Library/PrivateFrameworks/ProtocolBuffer.framework/Versions/A/ProtocolBuffer
0x00007ff82c27c000 	/System/Library/PrivateFrameworks/GPUWrangler.framework/Versions/A/GPUWrangler
0x00007ff82c25f000 	/System/Library/PrivateFrameworks/IOPresentment.framework/Versions/A/IOPresentment
0x00007ff82c286000 	/System/Library/PrivateFrameworks/DSExternalDisplay.framework/Versions/A/DSExternalDisplay
0x00007ffa3762f000 	/System/Library/Frameworks/OpenGL.framework/Versions/A/Libraries/libCoreFSCache.dylib
0x00007ffb235dc000 	/System/Library/PrivateFrameworks/GPUCompiler.framework/Versions/31001/Libraries/libGPUCompilerUtils.dylib
0x00007ff82c2ef000 	/System/Library/PrivateFrameworks/CMCaptureCore.framework/Versions/A/CMCaptureCore
0x00007ff82b800000 	/System/Library/PrivateFrameworks/AppServerSupport.framework/Versions/A/AppServerSupport
0x00007ff82d9ca000 	/System/Library/PrivateFrameworks/perfdata.framework/Versions/A/perfdata
0x00007ff82070e000 	/System/Library/PrivateFrameworks/AudioToolboxCore.framework/Versions/A/AudioToolboxCore
0x00007ff8281eb000 	/System/Library/PrivateFrameworks/caulk.framework/Versions/A/caulk
0x00007ff82d2f7000 	/usr/lib/libAudioStatistics.dylib
0x00007ff92448b000 	/System/Library/PrivateFrameworks/SystemPolicy.framework/Versions/A/SystemPolicy
0x00007ff82d543000 	/usr/lib/libSMC.dylib
0x00007ff83632f000 	/System/Library/Frameworks/CoreMIDI.framework/Versions/A/CoreMIDI
0x00007ff82c1ad000 	/usr/lib/libAudioToolboxUtility.dylib
0x00007ff920913000 	/System/Library/PrivateFrameworks/OSAServicesClient.framework/Versions/A/OSAServicesClient
0x00007ff82d9d7000 	/usr/lib/libperfcheck.dylib
0x00007ff924f17000 	/usr/lib/libmis.dylib
0x00007ffa3768b000 	/System/Library/Frameworks/OpenGL.framework/Versions/A/Libraries/libGLU.dylib
0x00007ffa3764e000 	/System/Library/Frameworks/OpenGL.framework/Versions/A/Libraries/libGFXShared.dylib
0x00007ffa3785c000 	/System/Library/Frameworks/OpenGL.framework/Versions/A/Libraries/libGL.dylib
0x00007ffa37657000 	/System/Library/Frameworks/OpenGL.framework/Versions/A/Libraries/libGLImage.dylib
0x00007ffa3764b000 	/System/Library/Frameworks/OpenGL.framework/Versions/A/Libraries/libCVMSPluginSupport.dylib
0x00007ffa37636000 	/System/Library/Frameworks/OpenGL.framework/Versions/A/Libraries/libCoreVMClient.dylib
0x00007ff828d4b000 	/System/Library/Frameworks/MetalPerformanceShaders.framework/Versions/A/Frameworks/MPSCore.framework/Versions/A/MPSCore
0x00007ff82a17b000 	/System/Library/Frameworks/MetalPerformanceShaders.framework/Versions/A/Frameworks/MPSImage.framework/Versions/A/MPSImage
0x00007ff829c32000 	/System/Library/Frameworks/MetalPerformanceShaders.framework/Versions/A/Frameworks/MPSNeuralNetwork.framework/Versions/A/MPSNeuralNetwork
0x00007ff82a0a7000 	/System/Library/Frameworks/MetalPerformanceShaders.framework/Versions/A/Frameworks/MPSMatrix.framework/Versions/A/MPSMatrix
0x00007ff829e63000 	/System/Library/Frameworks/MetalPerformanceShaders.framework/Versions/A/Frameworks/MPSRayIntersector.framework/Versions/A/MPSRayIntersector
0x00007ff82a0e0000 	/System/Library/Frameworks/MetalPerformanceShaders.framework/Versions/A/Frameworks/MPSNDArray.framework/Versions/A/MPSNDArray
0x00007ffa3c234000 	/System/Library/Frameworks/MetalPerformanceShaders.framework/Versions/A/Frameworks/MPSFunctions.framework/Versions/A/MPSFunctions
0x00007ff81fae8000 	/System/Library/PrivateFrameworks/MetalTools.framework/Versions/A/MetalTools
0x00007ff828dc5000 	/System/Library/PrivateFrameworks/AggregateDictionary.framework/Versions/A/AggregateDictionary
0x00007ff82b036000 	/usr/lib/libIOReport.dylib
0x00007ffa38c6b000 	/System/Library/Frameworks/OpenCL.framework/Versions/A/OpenCL
0x00007ff82b39a000 	/System/Library/PrivateFrameworks/FaceCore.framework/Versions/A/FaceCore
0x00007ff82b38b000 	/System/Library/PrivateFrameworks/GraphVisualizer.framework/Versions/A/GraphVisualizer
0x00007ffb234e7000 	/System/Library/PrivateFrameworks/FontServices.framework/Versions/A/FontServices
0x00007ff82b7b7000 	/System/Library/PrivateFrameworks/OTSVG.framework/Versions/A/OTSVG
0x00007ff826ba8000 	/System/Library/Frameworks/ApplicationServices.framework/Versions/A/Frameworks/ATS.framework/Versions/A/Resources/libFontRegistry.dylib
0x00007ff82b808000 	/System/Library/PrivateFrameworks/FontServices.framework/libhvf.dylib
0x00007ffb234e8000 	/System/Library/PrivateFrameworks/FontServices.framework/libXTFontStaticRegistryData.dylib
0x00007ff82b204000 	/System/Library/PrivateFrameworks/AppleVA.framework/Versions/A/AppleVA
0x00007ff82d317000 	/System/Library/Frameworks/ApplicationServices.framework/Versions/A/Frameworks/ATS.framework/Versions/A/ATS
0x00007ff824db6000 	/System/Library/Frameworks/ApplicationServices.framework/Versions/A/Frameworks/HIServices.framework/Versions/A/HIServices
0x00007ff82c2f9000 	/System/Library/Frameworks/ApplicationServices.framework/Versions/A/Frameworks/PrintCore.framework/Versions/A/PrintCore
0x00007ff82d696000 	/System/Library/Frameworks/ApplicationServices.framework/Versions/A/Frameworks/QD.framework/Versions/A/QD
0x00007ff82d68e000 	/System/Library/Frameworks/ApplicationServices.framework/Versions/A/Frameworks/ColorSyncLegacy.framework/Versions/A/ColorSyncLegacy
0x00007ff82d307000 	/System/Library/Frameworks/ApplicationServices.framework/Versions/A/Frameworks/SpeechSynthesis.framework/Versions/A/SpeechSynthesis
0x00007ff82c2ba000 	/System/Library/Frameworks/ApplicationServices.framework/Versions/A/Frameworks/ATSUI.framework/Versions/A/ATSUI
0x00007ff82d623000 	/usr/lib/libcups.2.dylib
0x00007ff82d9e6000 	/System/Library/Frameworks/Kerberos.framework/Versions/A/Kerberos
0x00007ff82d9f5000 	/System/Library/Frameworks/GSS.framework/Versions/A/GSS
0x00007ff82d383000 	/usr/lib/libresolv.9.dylib
0x00007ff82b817000 	/System/Library/PrivateFrameworks/Heimdal.framework/Versions/A/Heimdal
0x00007ff834499000 	/System/Library/Frameworks/Kerberos.framework/Versions/A/Libraries/libHeimdalProxy.dylib
0x00007ff825a95000 	/System/Library/Frameworks/Network.framework/Versions/A/Network
0x00007ff82b26e000 	/usr/lib/libheimdal-asn1.dylib
0x00007ff82da40000 	/System/Library/PrivateFrameworks/CommonAuth.framework/Versions/A/CommonAuth
0x00007ff82d288000 	/System/Library/PrivateFrameworks/AudioSession.framework/Versions/A/AudioSession
0x00007ff82b2fe000 	/System/Library/PrivateFrameworks/MediaExperience.framework/Versions/A/MediaExperience
0x00007ff82d11c000 	/System/Library/PrivateFrameworks/AudioSession.framework/libSessionUtility.dylib
0x00007ff82d6a2000 	/System/Library/PrivateFrameworks/AudioResourceArbitration.framework/Versions/A/AudioResourceArbitration
0x00007ff82b277000 	/System/Library/PrivateFrameworks/IconFoundation.framework/Versions/A/IconFoundation
0x00007ff83047c000 	/System/Library/PrivateFrameworks/SpeechRecognitionCore.framework/Versions/A/SpeechRecognitionCore
0x000000010a293000 	/Users/janetschel/Library/Java/JavaVirtualMachines/openjdk-17/Contents/Home/lib/server/libjvm.dylib
0x000000010929f000 	/Users/janetschel/Library/Java/JavaVirtualMachines/openjdk-17/Contents/Home/lib/libjimage.dylib
0x00000001092d1000 	/Users/janetschel/Library/Java/JavaVirtualMachines/openjdk-17/Contents/Home/lib/libinstrument.dylib
0x0000000109328000 	/Users/janetschel/Library/Java/JavaVirtualMachines/openjdk-17/Contents/Home/lib/libjava.dylib
0x0000000109423000 	/private/var/folders/b3/j20cx8sx7gv06q2qwl5dnz240000gn/T/libasyncProfiler.so
0x000000010a0cc000 	/Users/janetschel/Library/Java/JavaVirtualMachines/openjdk-17/Contents/Home/lib/libzip.dylib
0x000000010a10a000 	/Users/janetschel/Library/Java/JavaVirtualMachines/openjdk-17/Contents/Home/lib/libnio.dylib
0x000000010a161000 	/Users/janetschel/Library/Java/JavaVirtualMachines/openjdk-17/Contents/Home/lib/libnet.dylib
0x000000010a1c5000 	/Users/janetschel/Library/Java/JavaVirtualMachines/openjdk-17/Contents/Home/lib/libextnet.dylib
0x000000010b3a8000 	/Users/janetschel/Library/Java/JavaVirtualMachines/openjdk-17/Contents/Home/lib/libmanagement.dylib
0x000000010b3d1000 	/Users/janetschel/Library/Java/JavaVirtualMachines/openjdk-17/Contents/Home/lib/libmanagement_ext.dylib


VM Arguments:
jvm_args: -XX:TieredStopAtLevel=1 -Xverify:none -Dspring.profiles.active=localhost -Dspring.output.ansi.enabled=always -javaagent:/Users/janetschel/Library/Application Support/JetBrains/Toolbox/apps/IDEA-U/ch-0/213.5744.223/IntelliJ IDEA.app/Contents/lib/idea_rt.jar=57763:/Users/janetschel/Library/Application Support/JetBrains/Toolbox/apps/IDEA-U/ch-0/213.5744.223/IntelliJ IDEA.app/Contents/bin -Dcom.sun.management.jmxremote -Dspring.jmx.enabled=true -Dspring.liveBeansView.mbeanDomain -Dspring.application.admin.enabled=true -agentpath:/private/var/folders/b3/j20cx8sx7gv06q2qwl5dnz240000gn/T/libasyncProfiler.so=start,jfr,event=cpu,interval=1ms,event=alloc,file=/Users/janetschel/GasthausHaaghofApplication_2022_03_24_181222.jfr -Dfile.encoding=UTF-8 
java_command: de.gasthaushaaghof.gasthaushaaghof.GasthausHaaghofApplication
java_class_path (initial): /Users/janetschel/Desktop/gasthaus-haaghof/target/classes:/Users/janetschel/.m2/repository/org/springframework/boot/spring-boot-starter-web/2.6.4/spring-boot-starter-web-2.6.4.jar:/Users/janetschel/.m2/repository/org/springframework/boot/spring-boot-starter/2.6.4/spring-boot-starter-2.6.4.jar:/Users/janetschel/.m2/repository/org/springframework/boot/spring-boot-starter-logging/2.6.4/spring-boot-starter-logging-2.6.4.jar:/Users/janetschel/.m2/repository/ch/qos/logback/logback-classic/1.2.10/logback-classic-1.2.10.jar:/Users/janetschel/.m2/repository/ch/qos/logback/logback-core/1.2.10/logback-core-1.2.10.jar:/Users/janetschel/.m2/repository/org/apache/logging/log4j/log4j-to-slf4j/2.17.1/log4j-to-slf4j-2.17.1.jar:/Users/janetschel/.m2/repository/org/apache/logging/log4j/log4j-api/2.17.1/log4j-api-2.17.1.jar:/Users/janetschel/.m2/repository/org/slf4j/jul-to-slf4j/1.7.36/jul-to-slf4j-1.7.36.jar:/Users/janetschel/.m2/repository/jakarta/annotation/jakarta.annotation-api/1.3.5/jakarta.annotation-api-1.3.5.jar:/Users/janetschel/.m2/repository/org/yaml/snakeyaml/1.29/snakeyaml-1.29.jar:/Users/janetschel/.m2/repository/org/springframework/boot/spring-boot-starter-json/2.6.4/spring-boot-starter-json-2.6.4.jar:/Users/janetschel/.m2/repository/com/fasterxml/jackson/core/jackson-databind/2.13.1/jackson-databind-2.13.1.jar:/Users/janetschel/.m2/repository/com/fasterxml/jackson/core/jackson-annotations/2.13.1/jackson-annotations-2.13.1.jar:/Users/janetschel/.m2/repository/com/fasterxml/jackson/core/jackson-core/2.13.1/jackson-core-2.13.1.jar:/Users/janetschel/.m2/repository/com/fasterxml/jackson/datatype/jackson-datatype-jdk8/2.13.1/jackson-datatype-jdk8-2.13.1.jar:/Users/janetschel/.m2/repository/com/fasterxml/jackson/datatype/jackson-datatype-jsr310/2.13.1/jackson-datatype-jsr310-2.13.1.jar:/Users/janetschel/.m2/repository/com/fasterxml/jackson/module/jackson-module-parameter-names/2.13.1/jackson-module-parameter-names-2.13.1.jar:/Users/janetschel/.m2/
Launcher Type: SUN_STANDARD

[Global flags]
     intx CICompilerCount                          = 4                                         {product} {ergonomic}
     uint ConcGCThreads                            = 2                                         {product} {ergonomic}
     uint G1ConcRefinementThreads                  = 8                                         {product} {ergonomic}
   size_t G1HeapRegionSize                         = 1048576                                   {product} {ergonomic}
    uintx GCDrainStackTargetSize                   = 64                                        {product} {ergonomic}
   size_t InitialHeapSize                          = 134217728                                 {product} {ergonomic}
     bool ManagementServer                         = true                                      {product} {command line}
   size_t MarkStackSize                            = 4194304                                   {product} {ergonomic}
   size_t MaxHeapSize                              = 2147483648                                {product} {ergonomic}
   size_t MaxNewSize                               = 1287651328                                {product} {ergonomic}
   size_t MinHeapDeltaBytes                        = 1048576                                   {product} {ergonomic}
   size_t MinHeapSize                              = 8388608                                   {product} {ergonomic}
    uintx NonProfiledCodeHeapSize                  = 0                                      {pd product} {ergonomic}
     bool ProfileInterpreter                       = false                                  {pd product} {command line}
    uintx ProfiledCodeHeapSize                     = 0                                      {pd product} {ergonomic}
   size_t SoftMaxHeapSize                          = 2147483648                             {manageable} {ergonomic}
     intx TieredStopAtLevel                        = 1                                         {product} {command line}
     bool UseCompressedClassPointers               = true                           {product lp64_product} {ergonomic}
     bool UseCompressedOops                        = true                           {product lp64_product} {ergonomic}
     bool UseG1GC                                  = true                                      {product} {ergonomic}
     bool UseNUMA                                  = false                                     {product} {ergonomic}
     bool UseNUMAInterleaving                      = false                                     {product} {ergonomic}

Logging:
Log output configuration:
 #0: stdout all=warning,jni+resolve=error uptime,level,tags (reconfigured)
 #1: stderr all=off uptime,level,tags

Environment Variables:
PATH=/opt/homebrew/bin:/opt/homebrew/sbin:/usr/local/bin:/usr/bin:/bin:/usr/sbin:/sbin:/Library/TeX/texbin:/usr/local/share/dotnet:~/.dotnet/tools
SHELL=/bin/zsh
LC_CTYPE=de_DE.UTF-8

Signal Handlers:
   SIGSEGV: _ZL13crash_handleriP9__siginfoPv in libjvm.dylib, mask=11100110100111111111111111111111, flags=SA_RESTART|SA_SIGINFO
    SIGBUS: _ZL13crash_handleriP9__siginfoPv in libjvm.dylib, mask=11100110100111111111111111111111, flags=SA_RESTART|SA_SIGINFO
    SIGFPE: _ZL13crash_handleriP9__siginfoPv in libjvm.dylib, mask=11100110100111111111111111111111, flags=SA_RESTART|SA_SIGINFO
   SIGPIPE: _ZL17javaSignalHandleriP9__siginfoPv in libjvm.dylib, mask=11100110100111111111111111111111, flags=SA_RESTART|SA_SIGINFO
   SIGXFSZ: _ZL17javaSignalHandleriP9__siginfoPv in libjvm.dylib, mask=11100110100111111111111111111111, flags=SA_RESTART|SA_SIGINFO
    SIGILL: _ZL13crash_handleriP9__siginfoPv in libjvm.dylib, mask=11100110100111111111111111111111, flags=SA_RESTART|SA_SIGINFO
   SIGUSR2: _ZL10SR_handleriP9__siginfoP17__darwin_ucontext in libjvm.dylib, mask=00100000000000000000000000000000, flags=SA_RESTART|SA_SIGINFO
    SIGHUP: _ZL11UserHandleriPvS_ in libjvm.dylib, mask=11100110100111111111111111111111, flags=SA_RESTART|SA_SIGINFO
    SIGINT: _ZL11UserHandleriPvS_ in libjvm.dylib, mask=11100110100111111111111111111111, flags=SA_RESTART|SA_SIGINFO
   SIGTERM: _ZL11UserHandleriPvS_ in libjvm.dylib, mask=11100110100111111111111111111111, flags=SA_RESTART|SA_SIGINFO
   SIGQUIT: _ZL11UserHandleriPvS_ in libjvm.dylib, mask=11100110100111111111111111111111, flags=SA_RESTART|SA_SIGINFO
   SIGTRAP: _ZL13crash_handleriP9__siginfoPv in libjvm.dylib, mask=11100110100111111111111111111111, flags=SA_RESTART|SA_SIGINFO


---------------  S Y S T E M  ---------------

OS:
uname: Darwin 21.1.0 Darwin Kernel Version 21.1.0: Wed Oct 13 17:33:24 PDT 2021; root:xnu-8019.41.5~1/RELEASE_ARM64_T8101 x86_64
OS uptime: 1 days 4:32 hours
rlimit (soft/hard): STACK 8176k/65520k , CORE 0k/infinity , NPROC 1333/2000 , NOFILE 10240/infinity , AS infinity/infinity , CPU infinity/infinity , DATA infinity/infinity , FSIZE infinity/infinity , MEMLOCK infinity/infinity , RSS infinity/infinity
load average: 3.21 2.38 2.11

CPU: (EMULATED) total 8 (initial active 8) (1 cores per cpu, 1 threads per core) family 6 model 44 stepping 0 microcode 0x0, cx8, cmov, fxsr, mmx, sse, sse2, sse3, ssse3, sse4.1, sse4.2, popcnt, tsc, tscinvbit, aes, clmul, clflush

Memory: 4k page, physical 8388608k(40748k free), swap 5242880k(1320960k free)

vm_info: OpenJDK 64-Bit Server VM (17+35-2724) for bsd-amd64 JRE (17+35-2724), built on Aug  5 2021 22:31:25 by "mach5one" with clang Apple LLVM 12.0.0 (clang-1200.0.32.29)

END.
